<?xml version="1.0" encoding="UTF-8"?>
<testsuite name="ru.mai.lessons.rpks.ServiceTest" tests="18" skipped="0" failures="0" errors="0" timestamp="2024-06-22T15:24:11" hostname="LENOVO" time="208.502">
  <properties/>
  <testcase name="testKafkaWriteReadMessage()" classname="ru.mai.lessons.rpks.ServiceTest" time="11.071"/>
  <testcase name="testServiceFilteringNotEquals()" classname="ru.mai.lessons.rpks.ServiceTest" time="8.892"/>
  <testcase name="testServiceFilteringNotRules()" classname="ru.mai.lessons.rpks.ServiceTest" time="18.208"/>
  <testcase name="testServiceFilteringContainsNotEqualsTwoRules()" classname="ru.mai.lessons.rpks.ServiceTest" time="8.303"/>
  <testcase name="testServiceFilteringAddNewRule()" classname="ru.mai.lessons.rpks.ServiceTest" time="28.237"/>
  <testcase name="testServiceFilteringContainsNotContainsTwoRules()" classname="ru.mai.lessons.rpks.ServiceTest" time="8.549"/>
  <testcase name="testStartPostgreSQL()" classname="ru.mai.lessons.rpks.ServiceTest" time="7.565"/>
  <testcase name="testServiceFilteringUpdateRule()" classname="ru.mai.lessons.rpks.ServiceTest" time="28.502"/>
  <testcase name="testServiceFilteringNotContains()" classname="ru.mai.lessons.rpks.ServiceTest" time="8.237"/>
  <testcase name="testServiceFilteringEqualsNotContainsTwoRules()" classname="ru.mai.lessons.rpks.ServiceTest" time="9.153"/>
  <testcase name="testServiceFilteringContains()" classname="ru.mai.lessons.rpks.ServiceTest" time="10.667"/>
  <testcase name="testServiceFilteringEqualsContainsTwoRules()" classname="ru.mai.lessons.rpks.ServiceTest" time="9.673"/>
  <testcase name="testServiceFilteringEquals()" classname="ru.mai.lessons.rpks.ServiceTest" time="10.146"/>
  <testcase name="testPostgreSQLReadValues()" classname="ru.mai.lessons.rpks.ServiceTest" time="8.358"/>
  <testcase name="testServiceFilteringEqualsTwoRules()" classname="ru.mai.lessons.rpks.ServiceTest" time="8.413"/>
  <testcase name="testServiceFilteringEqualsNotEqualsTwoRules()" classname="ru.mai.lessons.rpks.ServiceTest" time="8.776"/>
  <testcase name="testServiceFilteringContainsTwoRules()" classname="ru.mai.lessons.rpks.ServiceTest" time="8.334"/>
  <testcase name="testStartKafka()" classname="ru.mai.lessons.rpks.ServiceTest" time="7.409"/>
  <system-out><![CDATA[18:24:11,404 |-INFO in ch.qos.logback.classic.LoggerContext[default] - This is logback-classic version 1.4.14
18:24:11,405 |-INFO in ch.qos.logback.classic.util.ContextInitializer@781f10f2 - No custom configurators were discovered as a service.
18:24:11,405 |-INFO in ch.qos.logback.classic.util.ContextInitializer@781f10f2 - Trying to configure with ch.qos.logback.classic.joran.SerializedModelConfigurator
18:24:11,405 |-INFO in ch.qos.logback.classic.util.ContextInitializer@781f10f2 - Constructed configurator of type class ch.qos.logback.classic.joran.SerializedModelConfigurator
18:24:11,408 |-INFO in ch.qos.logback.classic.LoggerContext[default] - Could NOT find resource [logback-test.scmo]
18:24:11,409 |-INFO in ch.qos.logback.classic.LoggerContext[default] - Could NOT find resource [logback.scmo]
18:24:11,413 |-INFO in ch.qos.logback.classic.util.ContextInitializer@781f10f2 - ch.qos.logback.classic.joran.SerializedModelConfigurator.configure() call lasted 4 milliseconds. ExecutionStatus=INVOKE_NEXT_IF_ANY
18:24:11,413 |-INFO in ch.qos.logback.classic.util.ContextInitializer@781f10f2 - Trying to configure with ch.qos.logback.classic.util.DefaultJoranConfigurator
18:24:11,413 |-INFO in ch.qos.logback.classic.util.ContextInitializer@781f10f2 - Constructed configurator of type class ch.qos.logback.classic.util.DefaultJoranConfigurator
18:24:11,414 |-INFO in ch.qos.logback.classic.LoggerContext[default] - Could NOT find resource [logback-test.xml]
18:24:11,415 |-INFO in ch.qos.logback.classic.LoggerContext[default] - Found resource [logback.xml] at [file:/C:/Users/Yakdanol/Desktop/Java/6_semestr/RPKS/Labs/JavaServiceFiltering/build/resources/test/logback.xml]
18:24:11,500 |-INFO in ch.qos.logback.core.model.processor.AppenderModelHandler - Processing appender named [CONSOLE]
18:24:11,500 |-INFO in ch.qos.logback.core.model.processor.AppenderModelHandler - About to instantiate appender of type [ch.qos.logback.core.ConsoleAppender]
18:24:11,533 |-WARN in ch.qos.logback.core.ConsoleAppender[CONSOLE] - This appender no longer admits a layout as a sub-component, set an encoder instead.
18:24:11,533 |-WARN in ch.qos.logback.core.ConsoleAppender[CONSOLE] - To ensure compatibility, wrapping your layout in LayoutWrappingEncoder.
18:24:11,533 |-WARN in ch.qos.logback.core.ConsoleAppender[CONSOLE] - See also http://logback.qos.ch/codes.html#layoutInsteadOfEncoder for details
18:24:11,534 |-INFO in ch.qos.logback.classic.model.processor.LoggerModelHandler - Setting level of logger [ru.mai.lessons.rpks] to INFO
18:24:11,536 |-INFO in ch.qos.logback.classic.model.processor.LoggerModelHandler - Setting additivity of logger [ru.mai.lessons.rpks] to false
18:24:11,536 |-INFO in ch.qos.logback.core.model.processor.AppenderRefModelHandler - Attaching appender named [CONSOLE] to Logger[ru.mai.lessons.rpks]
18:24:11,537 |-INFO in ch.qos.logback.classic.model.processor.RootLoggerModelHandler - Setting level of ROOT logger to ERROR
18:24:11,537 |-INFO in ch.qos.logback.core.model.processor.AppenderRefModelHandler - Attaching appender named [CONSOLE] to Logger[ROOT]
18:24:11,537 |-INFO in ch.qos.logback.core.model.processor.DefaultProcessor@2a79d4b1 - End of configuration.
18:24:11,538 |-INFO in ch.qos.logback.classic.joran.JoranConfigurator@2e9fda69 - Registering current configuration as safe fallback point
18:24:11,538 |-INFO in ch.qos.logback.classic.util.ContextInitializer@781f10f2 - ch.qos.logback.classic.util.DefaultJoranConfigurator.configure() call lasted 125 milliseconds. ExecutionStatus=DO_NOT_INVOKE_NEXT_IF_ANY

18:24:19.002 [Test worker] INFO  ru.mai.lessons.rpks.ServiceTest - Bootstrap.servers: PLAINTEXT://localhost:63054
18:24:19.004 [Test worker] INFO  ru.mai.lessons.rpks.ServiceTest - Topics: [(name=test_topic_in, numPartitions=3, replicationFactor=1, replicasAssignments=null, configs=null), (name=test_topic_out, numPartitions=3, replicationFactor=1, replicasAssignments=null, configs=null)], replica factor 1, partitions 3
18:24:19.196 [Test worker] INFO  ru.mai.lessons.rpks.ServiceTest - Creating topics
18:24:19.589 [Test worker] INFO  ru.mai.lessons.rpks.ServiceTest - Created topics
18:24:19.589 [Test worker] INFO  ru.mai.lessons.rpks.ServiceTest - Sending message
18:24:19.653 [Test worker] INFO  ru.mai.lessons.rpks.ServiceTest - Sent message
18:24:19.654 [Test worker] INFO  ru.mai.lessons.rpks.ServiceTest - Consumer subscribe
18:24:19.654 [Test worker] INFO  ru.mai.lessons.rpks.ServiceTest - Consumer start reading
18:24:19.765 [Test worker] INFO  ru.mai.lessons.rpks.ServiceTest - Remaining attempts 10
18:24:20.887 [Test worker] INFO  ru.mai.lessons.rpks.ServiceTest - Remaining attempts 9
18:24:21.897 [Test worker] INFO  ru.mai.lessons.rpks.ServiceTest - Read messages 1
18:24:28.746 [Test worker] INFO  ru.mai.lessons.rpks.ServiceTest - Topics: [(name=test_topic_in, numPartitions=3, replicationFactor=1, replicasAssignments=null, configs=null), (name=test_topic_out, numPartitions=3, replicationFactor=1, replicasAssignments=null, configs=null)], replica factor 1, partitions 3
18:24:29.398 [Test worker] INFO  ru.mai.lessons.rpks.ServiceTest - Topic not exist. Create topics [(name=test_topic_in, numPartitions=3, replicationFactor=1, replicasAssignments=null, configs=null), (name=test_topic_out, numPartitions=3, replicationFactor=1, replicasAssignments=null, configs=null)]
18:24:29.587 [Test worker] INFO  ru.mai.lessons.rpks.ServiceTest - Create filtering rule 1
18:24:29.611 [Test worker] INFO  ru.mai.lessons.rpks.ServiceTest - Check rule from DB
18:24:29.855 [pool-2-thread-2] INFO  ru.mai.lessons.rpks.ServiceTest - Remaining attempts 10
18:24:29.945 [pool-2-thread-1] INFO  r.m.l.rpks.impl.MessageFiltering - not_equals alex name
18:24:29.946 [pool-2-thread-1] INFO  r.m.l.rpks.impl.MessageFiltering - not_equals alex name
18:24:29.947 [pool-2-thread-1] ERROR r.m.l.rpks.impl.MessageFiltering - Exception while reading json message:
com.fasterxml.jackson.core.JsonParseException: Unexpected character (',' (code 44)): expected a valid value (JSON String, Number, Array, Object or token 'null', 'true' or 'false')
 at [Source: (String)"{"name":"alex", "age":, "sex":null}"; line: 1, column: 24]
	at com.fasterxml.jackson.core.JsonParser._constructError(JsonParser.java:2477)
	at com.fasterxml.jackson.core.base.ParserMinimalBase._reportError(ParserMinimalBase.java:750)
	at com.fasterxml.jackson.core.base.ParserMinimalBase._reportUnexpectedChar(ParserMinimalBase.java:674)
	at com.fasterxml.jackson.core.json.ReaderBasedJsonParser._handleOddValue(ReaderBasedJsonParser.java:2085)
	at com.fasterxml.jackson.core.json.ReaderBasedJsonParser.nextFieldName(ReaderBasedJsonParser.java:1029)
	at com.fasterxml.jackson.databind.deser.std.BaseNodeDeserializer._deserializeContainerNoRecursion(JsonNodeDeserializer.java:539)
	at com.fasterxml.jackson.databind.deser.std.JsonNodeDeserializer.deserialize(JsonNodeDeserializer.java:100)
	at com.fasterxml.jackson.databind.deser.std.JsonNodeDeserializer.deserialize(JsonNodeDeserializer.java:25)
	at com.fasterxml.jackson.databind.deser.DefaultDeserializationContext.readRootValue(DefaultDeserializationContext.java:323)
	at com.fasterxml.jackson.databind.ObjectMapper._readTreeAndClose(ObjectMapper.java:4867)
	at com.fasterxml.jackson.databind.ObjectMapper.readTree(ObjectMapper.java:3219)
	at ru.mai.lessons.rpks.impl.MessageFiltering.processing(MessageFiltering.java:27)
	at ru.mai.lessons.rpks.impl.KafkaReaderImpl.processing(KafkaReaderImpl.java:55)
	at ru.mai.lessons.rpks.impl.ServiceFiltering.start(ServiceFiltering.java:28)
	at ru.mai.lessons.rpks.ServiceTest.lambda$testStartService$49(ServiceTest.java:1332)
	at java.base/java.util.concurrent.FutureTask.run(FutureTask.java:317)
	at java.base/java.util.concurrent.ThreadPoolExecutor.runWorker(ThreadPoolExecutor.java:1144)
	at java.base/java.util.concurrent.ThreadPoolExecutor$Worker.run(ThreadPoolExecutor.java:642)
	at java.base/java.lang.Thread.run(Thread.java:1623)
18:24:29.950 [pool-2-thread-1] INFO  r.m.l.rpks.impl.MessageFiltering - not_equals alex name
18:24:29.951 [pool-2-thread-1] INFO  r.m.l.rpks.impl.MessageFiltering - not_equals alex name
18:24:29.951 [pool-2-thread-1] INFO  r.m.l.rpks.impl.MessageFiltering - not_equals alex name
18:24:30.886 [pool-2-thread-2] INFO  ru.mai.lessons.rpks.ServiceTest - Read messages 1
18:24:30.887 [pool-2-thread-1] ERROR r.m.l.rpks.impl.ServiceFiltering - java.lang.InterruptedException
org.apache.kafka.common.errors.InterruptException: java.lang.InterruptedException
	at org.apache.kafka.clients.consumer.internals.ConsumerNetworkClient.maybeThrowInterruptException(ConsumerNetworkClient.java:535)
	at org.apache.kafka.clients.consumer.internals.ConsumerNetworkClient.poll(ConsumerNetworkClient.java:296)
	at org.apache.kafka.clients.consumer.internals.ConsumerNetworkClient.poll(ConsumerNetworkClient.java:251)
	at org.apache.kafka.clients.consumer.KafkaConsumer.pollForFetches(KafkaConsumer.java:1307)
	at org.apache.kafka.clients.consumer.KafkaConsumer.poll(KafkaConsumer.java:1243)
	at org.apache.kafka.clients.consumer.KafkaConsumer.poll(KafkaConsumer.java:1216)
	at ru.mai.lessons.rpks.impl.KafkaReaderImpl.processing(KafkaReaderImpl.java:53)
	at ru.mai.lessons.rpks.impl.ServiceFiltering.start(ServiceFiltering.java:28)
	at ru.mai.lessons.rpks.ServiceTest.lambda$testStartService$49(ServiceTest.java:1332)
	at java.base/java.util.concurrent.FutureTask.run(FutureTask.java:317)
	at java.base/java.util.concurrent.ThreadPoolExecutor.runWorker(ThreadPoolExecutor.java:1144)
	at java.base/java.util.concurrent.ThreadPoolExecutor$Worker.run(ThreadPoolExecutor.java:642)
	at java.base/java.lang.Thread.run(Thread.java:1623)
Caused by: java.lang.InterruptedException: null
	... 13 common frames omitted
18:24:37.591 [Test worker] INFO  ru.mai.lessons.rpks.ServiceTest - Topics: [(name=test_topic_in, numPartitions=3, replicationFactor=1, replicasAssignments=null, configs=null), (name=test_topic_out, numPartitions=3, replicationFactor=1, replicasAssignments=null, configs=null)], replica factor 1, partitions 3
18:24:37.605 [Test worker] INFO  ru.mai.lessons.rpks.ServiceTest - Topic not exist. Create topics [(name=test_topic_in, numPartitions=3, replicationFactor=1, replicasAssignments=null, configs=null), (name=test_topic_out, numPartitions=3, replicationFactor=1, replicasAssignments=null, configs=null)]
18:24:37.993 [pool-4-thread-2] INFO  ru.mai.lessons.rpks.ServiceTest - Remaining attempts 10
18:24:39.104 [pool-4-thread-2] INFO  ru.mai.lessons.rpks.ServiceTest - Remaining attempts 9
18:24:40.212 [pool-4-thread-2] INFO  ru.mai.lessons.rpks.ServiceTest - Remaining attempts 8
18:24:41.335 [pool-4-thread-2] INFO  ru.mai.lessons.rpks.ServiceTest - Remaining attempts 7
18:24:42.453 [pool-4-thread-2] INFO  ru.mai.lessons.rpks.ServiceTest - Remaining attempts 6
18:24:43.565 [pool-4-thread-2] INFO  ru.mai.lessons.rpks.ServiceTest - Remaining attempts 5
18:24:44.683 [pool-4-thread-2] INFO  ru.mai.lessons.rpks.ServiceTest - Remaining attempts 4
18:24:45.805 [pool-4-thread-2] INFO  ru.mai.lessons.rpks.ServiceTest - Remaining attempts 3
18:24:46.922 [pool-4-thread-2] INFO  ru.mai.lessons.rpks.ServiceTest - Remaining attempts 2
18:24:48.042 [pool-4-thread-2] INFO  ru.mai.lessons.rpks.ServiceTest - Remaining attempts 1
18:24:49.052 [pool-4-thread-1] ERROR r.m.l.rpks.impl.ServiceFiltering - java.lang.InterruptedException
org.apache.kafka.common.errors.InterruptException: java.lang.InterruptedException
	at org.apache.kafka.clients.consumer.internals.ConsumerNetworkClient.maybeThrowInterruptException(ConsumerNetworkClient.java:535)
	at org.apache.kafka.clients.consumer.internals.ConsumerNetworkClient.poll(ConsumerNetworkClient.java:296)
	at org.apache.kafka.clients.consumer.internals.ConsumerNetworkClient.poll(ConsumerNetworkClient.java:251)
	at org.apache.kafka.clients.consumer.KafkaConsumer.pollForFetches(KafkaConsumer.java:1307)
	at org.apache.kafka.clients.consumer.KafkaConsumer.poll(KafkaConsumer.java:1243)
	at org.apache.kafka.clients.consumer.KafkaConsumer.poll(KafkaConsumer.java:1216)
	at ru.mai.lessons.rpks.impl.KafkaReaderImpl.processing(KafkaReaderImpl.java:53)
	at ru.mai.lessons.rpks.impl.ServiceFiltering.start(ServiceFiltering.java:28)
	at ru.mai.lessons.rpks.ServiceTest.lambda$testStartService$49(ServiceTest.java:1332)
	at java.base/java.util.concurrent.FutureTask.run(FutureTask.java:317)
	at java.base/java.util.concurrent.ThreadPoolExecutor.runWorker(ThreadPoolExecutor.java:1144)
	at java.base/java.util.concurrent.ThreadPoolExecutor$Worker.run(ThreadPoolExecutor.java:642)
	at java.base/java.lang.Thread.run(Thread.java:1623)
Caused by: java.lang.InterruptedException: null
	... 13 common frames omitted
18:24:49.053 [pool-4-thread-1] ERROR r.m.l.rpks.impl.ServiceFiltering - null
18:24:49.053 [pool-4-thread-1] ERROR r.m.l.rpks.impl.ServiceFiltering - [java.base/java.util.concurrent.locks.AbstractQueuedSynchronizer$ConditionObject.awaitNanos(AbstractQueuedSynchronizer.java:1744), java.base/java.util.concurrent.ThreadPoolExecutor.awaitTermination(ThreadPoolExecutor.java:1475), java.base/java.util.concurrent.Executors$DelegatedExecutorService.awaitTermination(Executors.java:781), ru.mai.lessons.rpks.impl.ServiceFiltering.start(ServiceFiltering.java:34), ru.mai.lessons.rpks.ServiceTest.lambda$testStartService$49(ServiceTest.java:1332), java.base/java.util.concurrent.FutureTask.run(FutureTask.java:317), java.base/java.util.concurrent.ThreadPoolExecutor.runWorker(ThreadPoolExecutor.java:1144), java.base/java.util.concurrent.ThreadPoolExecutor$Worker.run(ThreadPoolExecutor.java:642), java.base/java.lang.Thread.run(Thread.java:1623)]
18:24:55.890 [Test worker] INFO  ru.mai.lessons.rpks.ServiceTest - Topics: [(name=test_topic_in, numPartitions=3, replicationFactor=1, replicasAssignments=null, configs=null), (name=test_topic_out, numPartitions=3, replicationFactor=1, replicasAssignments=null, configs=null)], replica factor 1, partitions 3
18:24:55.903 [Test worker] INFO  ru.mai.lessons.rpks.ServiceTest - Topic not exist. Create topics [(name=test_topic_in, numPartitions=3, replicationFactor=1, replicasAssignments=null, configs=null), (name=test_topic_out, numPartitions=3, replicationFactor=1, replicasAssignments=null, configs=null)]
18:24:56.121 [Test worker] INFO  ru.mai.lessons.rpks.ServiceTest - Create filtering rule 1
18:24:56.131 [Test worker] INFO  ru.mai.lessons.rpks.ServiceTest - Check rule from DB
18:24:56.134 [Test worker] INFO  ru.mai.lessons.rpks.ServiceTest - Create filtering rule 1
18:24:56.150 [Test worker] INFO  ru.mai.lessons.rpks.ServiceTest - Check rule from DB
18:24:56.327 [pool-6-thread-2] INFO  ru.mai.lessons.rpks.ServiceTest - Remaining attempts 10
18:24:56.329 [pool-6-thread-1] INFO  r.m.l.rpks.impl.MessageFiltering - not_equals 20 age
18:24:56.329 [pool-6-thread-1] INFO  r.m.l.rpks.impl.MessageFiltering - contains alexander name
18:24:56.329 [pool-6-thread-1] INFO  r.m.l.rpks.impl.MessageFiltering - not_equals 20 age
18:24:56.331 [pool-6-thread-1] INFO  r.m.l.rpks.impl.MessageFiltering - contains alexander name
18:24:56.331 [pool-6-thread-1] ERROR r.m.l.rpks.impl.MessageFiltering - Exception while reading json message:
com.fasterxml.jackson.core.JsonParseException: Unexpected character (',' (code 44)): expected a valid value (JSON String, Number, Array, Object or token 'null', 'true' or 'false')
 at [Source: (String)"{"name":"alex", "age":, "sex":"M"}"; line: 1, column: 24]
	at com.fasterxml.jackson.core.JsonParser._constructError(JsonParser.java:2477)
	at com.fasterxml.jackson.core.base.ParserMinimalBase._reportError(ParserMinimalBase.java:750)
	at com.fasterxml.jackson.core.base.ParserMinimalBase._reportUnexpectedChar(ParserMinimalBase.java:674)
	at com.fasterxml.jackson.core.json.ReaderBasedJsonParser._handleOddValue(ReaderBasedJsonParser.java:2085)
	at com.fasterxml.jackson.core.json.ReaderBasedJsonParser.nextFieldName(ReaderBasedJsonParser.java:1029)
	at com.fasterxml.jackson.databind.deser.std.BaseNodeDeserializer._deserializeContainerNoRecursion(JsonNodeDeserializer.java:539)
	at com.fasterxml.jackson.databind.deser.std.JsonNodeDeserializer.deserialize(JsonNodeDeserializer.java:100)
	at com.fasterxml.jackson.databind.deser.std.JsonNodeDeserializer.deserialize(JsonNodeDeserializer.java:25)
	at com.fasterxml.jackson.databind.deser.DefaultDeserializationContext.readRootValue(DefaultDeserializationContext.java:323)
	at com.fasterxml.jackson.databind.ObjectMapper._readTreeAndClose(ObjectMapper.java:4867)
	at com.fasterxml.jackson.databind.ObjectMapper.readTree(ObjectMapper.java:3219)
	at ru.mai.lessons.rpks.impl.MessageFiltering.processing(MessageFiltering.java:27)
	at ru.mai.lessons.rpks.impl.KafkaReaderImpl.processing(KafkaReaderImpl.java:55)
	at ru.mai.lessons.rpks.impl.ServiceFiltering.start(ServiceFiltering.java:28)
	at ru.mai.lessons.rpks.ServiceTest.lambda$testStartService$49(ServiceTest.java:1332)
	at java.base/java.util.concurrent.FutureTask.run(FutureTask.java:317)
	at java.base/java.util.concurrent.ThreadPoolExecutor.runWorker(ThreadPoolExecutor.java:1144)
	at java.base/java.util.concurrent.ThreadPoolExecutor$Worker.run(ThreadPoolExecutor.java:642)
	at java.base/java.lang.Thread.run(Thread.java:1623)
18:24:56.332 [pool-6-thread-1] INFO  r.m.l.rpks.impl.MessageFiltering - not_equals 20 age
18:24:56.332 [pool-6-thread-1] INFO  r.m.l.rpks.impl.MessageFiltering - contains alexander name
18:24:56.333 [pool-6-thread-1] INFO  r.m.l.rpks.impl.MessageFiltering - not_equals 20 age
18:24:56.333 [pool-6-thread-1] INFO  r.m.l.rpks.impl.MessageFiltering - contains alexander name
18:24:56.333 [pool-6-thread-1] INFO  r.m.l.rpks.impl.MessageFiltering - not_equals 20 age
18:24:56.333 [pool-6-thread-1] INFO  r.m.l.rpks.impl.MessageFiltering - not_equals 20 age
18:24:56.333 [pool-6-thread-1] INFO  r.m.l.rpks.impl.MessageFiltering - not_equals 20 age
18:24:56.333 [pool-6-thread-1] INFO  r.m.l.rpks.impl.MessageFiltering - contains alexander name
18:24:57.339 [pool-6-thread-2] INFO  ru.mai.lessons.rpks.ServiceTest - Read messages 1
18:24:57.339 [pool-6-thread-1] ERROR r.m.l.rpks.impl.ServiceFiltering - java.lang.InterruptedException
org.apache.kafka.common.errors.InterruptException: java.lang.InterruptedException
	at org.apache.kafka.clients.consumer.internals.ConsumerNetworkClient.maybeThrowInterruptException(ConsumerNetworkClient.java:535)
	at org.apache.kafka.clients.consumer.internals.ConsumerNetworkClient.poll(ConsumerNetworkClient.java:296)
	at org.apache.kafka.clients.consumer.internals.ConsumerNetworkClient.poll(ConsumerNetworkClient.java:251)
	at org.apache.kafka.clients.consumer.KafkaConsumer.pollForFetches(KafkaConsumer.java:1307)
	at org.apache.kafka.clients.consumer.KafkaConsumer.poll(KafkaConsumer.java:1243)
	at org.apache.kafka.clients.consumer.KafkaConsumer.poll(KafkaConsumer.java:1216)
	at ru.mai.lessons.rpks.impl.KafkaReaderImpl.processing(KafkaReaderImpl.java:53)
	at ru.mai.lessons.rpks.impl.ServiceFiltering.start(ServiceFiltering.java:28)
	at ru.mai.lessons.rpks.ServiceTest.lambda$testStartService$49(ServiceTest.java:1332)
	at java.base/java.util.concurrent.FutureTask.run(FutureTask.java:317)
	at java.base/java.util.concurrent.ThreadPoolExecutor.runWorker(ThreadPoolExecutor.java:1144)
	at java.base/java.util.concurrent.ThreadPoolExecutor$Worker.run(ThreadPoolExecutor.java:642)
	at java.base/java.lang.Thread.run(Thread.java:1623)
Caused by: java.lang.InterruptedException: null
	... 13 common frames omitted
18:25:04.114 [Test worker] INFO  ru.mai.lessons.rpks.ServiceTest - Topics: [(name=test_topic_in, numPartitions=3, replicationFactor=1, replicasAssignments=null, configs=null), (name=test_topic_out, numPartitions=3, replicationFactor=1, replicasAssignments=null, configs=null)], replica factor 1, partitions 3
18:25:04.127 [Test worker] INFO  ru.mai.lessons.rpks.ServiceTest - Topic not exist. Create topics [(name=test_topic_in, numPartitions=3, replicationFactor=1, replicasAssignments=null, configs=null), (name=test_topic_out, numPartitions=3, replicationFactor=1, replicasAssignments=null, configs=null)]
18:25:04.332 [Test worker] INFO  ru.mai.lessons.rpks.ServiceTest - Create filtering rule 1
18:25:04.342 [Test worker] INFO  ru.mai.lessons.rpks.ServiceTest - Check rule from DB
18:25:04.519 [pool-8-thread-1] INFO  r.m.l.rpks.impl.MessageFiltering - contains alexander name
18:25:04.524 [pool-8-thread-2] INFO  ru.mai.lessons.rpks.ServiceTest - Remaining attempts 10
18:25:04.524 [pool-8-thread-1] INFO  r.m.l.rpks.impl.MessageFiltering - contains alexander name
18:25:04.524 [pool-8-thread-1] INFO  r.m.l.rpks.impl.MessageFiltering - contains alexander name
18:25:04.524 [pool-8-thread-1] INFO  r.m.l.rpks.impl.MessageFiltering - contains alexander name
18:25:04.525 [pool-8-thread-1] INFO  r.m.l.rpks.impl.MessageFiltering - contains alexander name
18:25:04.525 [pool-8-thread-1] INFO  r.m.l.rpks.impl.MessageFiltering - contains alexander name
18:25:04.525 [pool-8-thread-1] ERROR r.m.l.rpks.impl.MessageFiltering - Exception while reading json message:
com.fasterxml.jackson.core.JsonParseException: Unexpected character (',' (code 44)): expected a valid value (JSON String, Number, Array, Object or token 'null', 'true' or 'false')
 at [Source: (String)"{"name":, "age":, "sex":"M"}"; line: 1, column: 10]
	at com.fasterxml.jackson.core.JsonParser._constructError(JsonParser.java:2477)
	at com.fasterxml.jackson.core.base.ParserMinimalBase._reportError(ParserMinimalBase.java:750)
	at com.fasterxml.jackson.core.base.ParserMinimalBase._reportUnexpectedChar(ParserMinimalBase.java:674)
	at com.fasterxml.jackson.core.json.ReaderBasedJsonParser._handleOddValue(ReaderBasedJsonParser.java:2085)
	at com.fasterxml.jackson.core.json.ReaderBasedJsonParser.nextFieldName(ReaderBasedJsonParser.java:1029)
	at com.fasterxml.jackson.databind.deser.std.BaseNodeDeserializer._deserializeContainerNoRecursion(JsonNodeDeserializer.java:536)
	at com.fasterxml.jackson.databind.deser.std.JsonNodeDeserializer.deserialize(JsonNodeDeserializer.java:100)
	at com.fasterxml.jackson.databind.deser.std.JsonNodeDeserializer.deserialize(JsonNodeDeserializer.java:25)
	at com.fasterxml.jackson.databind.deser.DefaultDeserializationContext.readRootValue(DefaultDeserializationContext.java:323)
	at com.fasterxml.jackson.databind.ObjectMapper._readTreeAndClose(ObjectMapper.java:4867)
	at com.fasterxml.jackson.databind.ObjectMapper.readTree(ObjectMapper.java:3219)
	at ru.mai.lessons.rpks.impl.MessageFiltering.processing(MessageFiltering.java:27)
	at ru.mai.lessons.rpks.impl.KafkaReaderImpl.processing(KafkaReaderImpl.java:55)
	at ru.mai.lessons.rpks.impl.ServiceFiltering.start(ServiceFiltering.java:28)
	at ru.mai.lessons.rpks.ServiceTest.lambda$testStartService$49(ServiceTest.java:1332)
	at java.base/java.util.concurrent.FutureTask.run(FutureTask.java:317)
	at java.base/java.util.concurrent.ThreadPoolExecutor.runWorker(ThreadPoolExecutor.java:1144)
	at java.base/java.util.concurrent.ThreadPoolExecutor$Worker.run(ThreadPoolExecutor.java:642)
	at java.base/java.lang.Thread.run(Thread.java:1623)
18:25:04.525 [pool-8-thread-1] INFO  r.m.l.rpks.impl.MessageFiltering - contains alexander name
18:25:05.531 [pool-8-thread-2] INFO  ru.mai.lessons.rpks.ServiceTest - Read messages 1
18:25:05.531 [Test worker] INFO  ru.mai.lessons.rpks.ServiceTest - Create filtering rule 1
18:25:05.534 [Test worker] INFO  ru.mai.lessons.rpks.ServiceTest - Check rule from DB
18:25:05.535 [Test worker] INFO  ru.mai.lessons.rpks.ServiceTest - Wait until application updated rules from DB
18:25:25.545 [pool-8-thread-1] INFO  r.m.l.rpks.impl.MessageFiltering - contains alexander name
18:25:25.549 [pool-8-thread-1] INFO  r.m.l.rpks.impl.MessageFiltering - contains alexander name
18:25:25.552 [pool-8-thread-1] INFO  r.m.l.rpks.impl.MessageFiltering - contains alexander name
18:25:25.555 [pool-8-thread-1] INFO  r.m.l.rpks.impl.MessageFiltering - contains alexander name
18:25:25.557 [pool-8-thread-1] INFO  r.m.l.rpks.impl.MessageFiltering - contains alexander name
18:25:25.559 [pool-8-thread-1] ERROR r.m.l.rpks.impl.MessageFiltering - Exception while reading json message:
com.fasterxml.jackson.core.JsonParseException: Unexpected character (',' (code 44)): expected a valid value (JSON String, Number, Array, Object or token 'null', 'true' or 'false')
 at [Source: (String)"{"name":, "age":, "sex":"M"}"; line: 1, column: 10]
	at com.fasterxml.jackson.core.JsonParser._constructError(JsonParser.java:2477)
	at com.fasterxml.jackson.core.base.ParserMinimalBase._reportError(ParserMinimalBase.java:750)
	at com.fasterxml.jackson.core.base.ParserMinimalBase._reportUnexpectedChar(ParserMinimalBase.java:674)
	at com.fasterxml.jackson.core.json.ReaderBasedJsonParser._handleOddValue(ReaderBasedJsonParser.java:2085)
	at com.fasterxml.jackson.core.json.ReaderBasedJsonParser.nextFieldName(ReaderBasedJsonParser.java:1029)
	at com.fasterxml.jackson.databind.deser.std.BaseNodeDeserializer._deserializeContainerNoRecursion(JsonNodeDeserializer.java:536)
	at com.fasterxml.jackson.databind.deser.std.JsonNodeDeserializer.deserialize(JsonNodeDeserializer.java:100)
	at com.fasterxml.jackson.databind.deser.std.JsonNodeDeserializer.deserialize(JsonNodeDeserializer.java:25)
	at com.fasterxml.jackson.databind.deser.DefaultDeserializationContext.readRootValue(DefaultDeserializationContext.java:323)
	at com.fasterxml.jackson.databind.ObjectMapper._readTreeAndClose(ObjectMapper.java:4867)
	at com.fasterxml.jackson.databind.ObjectMapper.readTree(ObjectMapper.java:3219)
	at ru.mai.lessons.rpks.impl.MessageFiltering.processing(MessageFiltering.java:27)
	at ru.mai.lessons.rpks.impl.KafkaReaderImpl.processing(KafkaReaderImpl.java:55)
	at ru.mai.lessons.rpks.impl.ServiceFiltering.start(ServiceFiltering.java:28)
	at ru.mai.lessons.rpks.ServiceTest.lambda$testStartService$49(ServiceTest.java:1332)
	at java.base/java.util.concurrent.FutureTask.run(FutureTask.java:317)
	at java.base/java.util.concurrent.ThreadPoolExecutor.runWorker(ThreadPoolExecutor.java:1144)
	at java.base/java.util.concurrent.ThreadPoolExecutor$Worker.run(ThreadPoolExecutor.java:642)
	at java.base/java.lang.Thread.run(Thread.java:1623)
18:25:25.561 [pool-8-thread-1] INFO  r.m.l.rpks.impl.MessageFiltering - contains alexander name
18:25:25.564 [pool-8-thread-1] INFO  r.m.l.rpks.impl.MessageFiltering - contains alexander name
18:25:25.564 [pool-8-thread-1] INFO  r.m.l.rpks.impl.MessageFiltering - equals 18 age
18:25:25.567 [pool-8-thread-2] INFO  ru.mai.lessons.rpks.ServiceTest - Read messages 1
18:25:25.567 [pool-8-thread-1] ERROR r.m.l.rpks.impl.ServiceFiltering - java.lang.InterruptedException
org.apache.kafka.common.errors.InterruptException: java.lang.InterruptedException
	at org.apache.kafka.clients.consumer.internals.ConsumerNetworkClient.maybeThrowInterruptException(ConsumerNetworkClient.java:535)
	at org.apache.kafka.clients.consumer.internals.ConsumerNetworkClient.poll(ConsumerNetworkClient.java:296)
	at org.apache.kafka.clients.consumer.internals.ConsumerNetworkClient.poll(ConsumerNetworkClient.java:251)
	at org.apache.kafka.clients.consumer.KafkaConsumer.pollForFetches(KafkaConsumer.java:1307)
	at org.apache.kafka.clients.consumer.KafkaConsumer.poll(KafkaConsumer.java:1243)
	at org.apache.kafka.clients.consumer.KafkaConsumer.poll(KafkaConsumer.java:1216)
	at ru.mai.lessons.rpks.impl.KafkaReaderImpl.processing(KafkaReaderImpl.java:53)
	at ru.mai.lessons.rpks.impl.ServiceFiltering.start(ServiceFiltering.java:28)
	at ru.mai.lessons.rpks.ServiceTest.lambda$testStartService$49(ServiceTest.java:1332)
	at java.base/java.util.concurrent.FutureTask.run(FutureTask.java:317)
	at java.base/java.util.concurrent.ThreadPoolExecutor.runWorker(ThreadPoolExecutor.java:1144)
	at java.base/java.util.concurrent.ThreadPoolExecutor$Worker.run(ThreadPoolExecutor.java:642)
	at java.base/java.lang.Thread.run(Thread.java:1623)
Caused by: java.lang.InterruptedException: null
	... 13 common frames omitted
18:25:25.568 [pool-8-thread-1] ERROR r.m.l.rpks.impl.ServiceFiltering - null
18:25:25.568 [pool-8-thread-1] ERROR r.m.l.rpks.impl.ServiceFiltering - [java.base/java.util.concurrent.locks.AbstractQueuedSynchronizer$ConditionObject.awaitNanos(AbstractQueuedSynchronizer.java:1744), java.base/java.util.concurrent.ThreadPoolExecutor.awaitTermination(ThreadPoolExecutor.java:1475), java.base/java.util.concurrent.Executors$DelegatedExecutorService.awaitTermination(Executors.java:781), ru.mai.lessons.rpks.impl.ServiceFiltering.start(ServiceFiltering.java:34), ru.mai.lessons.rpks.ServiceTest.lambda$testStartService$49(ServiceTest.java:1332), java.base/java.util.concurrent.FutureTask.run(FutureTask.java:317), java.base/java.util.concurrent.ThreadPoolExecutor.runWorker(ThreadPoolExecutor.java:1144), java.base/java.util.concurrent.ThreadPoolExecutor$Worker.run(ThreadPoolExecutor.java:642), java.base/java.lang.Thread.run(Thread.java:1623)]
18:25:32.708 [Test worker] INFO  ru.mai.lessons.rpks.ServiceTest - Topics: [(name=test_topic_in, numPartitions=3, replicationFactor=1, replicasAssignments=null, configs=null), (name=test_topic_out, numPartitions=3, replicationFactor=1, replicasAssignments=null, configs=null)], replica factor 1, partitions 3
18:25:32.723 [Test worker] INFO  ru.mai.lessons.rpks.ServiceTest - Topic not exist. Create topics [(name=test_topic_in, numPartitions=3, replicationFactor=1, replicasAssignments=null, configs=null), (name=test_topic_out, numPartitions=3, replicationFactor=1, replicasAssignments=null, configs=null)]
18:25:32.969 [Test worker] INFO  ru.mai.lessons.rpks.ServiceTest - Create filtering rule 1
18:25:32.979 [Test worker] INFO  ru.mai.lessons.rpks.ServiceTest - Check rule from DB
18:25:32.981 [Test worker] INFO  ru.mai.lessons.rpks.ServiceTest - Create filtering rule 1
18:25:32.998 [Test worker] INFO  ru.mai.lessons.rpks.ServiceTest - Check rule from DB
18:25:33.166 [pool-10-thread-1] INFO  r.m.l.rpks.impl.MessageFiltering - contains alexander name
18:25:33.167 [pool-10-thread-1] INFO  r.m.l.rpks.impl.MessageFiltering - contains alexander name
18:25:33.167 [pool-10-thread-1] INFO  r.m.l.rpks.impl.MessageFiltering - contains alexander name
18:25:33.167 [pool-10-thread-1] INFO  r.m.l.rpks.impl.MessageFiltering - contains alexander name
18:25:33.167 [pool-10-thread-1] INFO  r.m.l.rpks.impl.MessageFiltering - contains alexander name
18:25:33.167 [pool-10-thread-1] INFO  r.m.l.rpks.impl.MessageFiltering - not_contains ivanov name
18:25:33.167 [pool-10-thread-1] INFO  r.m.l.rpks.impl.MessageFiltering - contains alexander name
18:25:33.168 [pool-10-thread-1] INFO  r.m.l.rpks.impl.MessageFiltering - contains alexander name
18:25:33.168 [pool-10-thread-1] INFO  r.m.l.rpks.impl.MessageFiltering - not_contains ivanov name
18:25:33.170 [pool-10-thread-2] INFO  ru.mai.lessons.rpks.ServiceTest - Remaining attempts 10
18:25:34.177 [pool-10-thread-2] INFO  ru.mai.lessons.rpks.ServiceTest - Read messages 1
18:25:34.177 [pool-10-thread-1] ERROR r.m.l.rpks.impl.ServiceFiltering - java.lang.InterruptedException
org.apache.kafka.common.errors.InterruptException: java.lang.InterruptedException
	at org.apache.kafka.clients.consumer.internals.ConsumerNetworkClient.maybeThrowInterruptException(ConsumerNetworkClient.java:535)
	at org.apache.kafka.clients.consumer.internals.ConsumerNetworkClient.poll(ConsumerNetworkClient.java:296)
	at org.apache.kafka.clients.consumer.internals.ConsumerNetworkClient.poll(ConsumerNetworkClient.java:251)
	at org.apache.kafka.clients.consumer.KafkaConsumer.pollForFetches(KafkaConsumer.java:1307)
	at org.apache.kafka.clients.consumer.KafkaConsumer.poll(KafkaConsumer.java:1243)
	at org.apache.kafka.clients.consumer.KafkaConsumer.poll(KafkaConsumer.java:1216)
	at ru.mai.lessons.rpks.impl.KafkaReaderImpl.processing(KafkaReaderImpl.java:53)
	at ru.mai.lessons.rpks.impl.ServiceFiltering.start(ServiceFiltering.java:28)
	at ru.mai.lessons.rpks.ServiceTest.lambda$testStartService$49(ServiceTest.java:1332)
	at java.base/java.util.concurrent.FutureTask.run(FutureTask.java:317)
	at java.base/java.util.concurrent.ThreadPoolExecutor.runWorker(ThreadPoolExecutor.java:1144)
	at java.base/java.util.concurrent.ThreadPoolExecutor$Worker.run(ThreadPoolExecutor.java:642)
	at java.base/java.lang.Thread.run(Thread.java:1623)
Caused by: java.lang.InterruptedException: null
	... 13 common frames omitted
18:25:48.783 [Test worker] INFO  ru.mai.lessons.rpks.ServiceTest - Topics: [(name=test_topic_in, numPartitions=3, replicationFactor=1, replicasAssignments=null, configs=null), (name=test_topic_out, numPartitions=3, replicationFactor=1, replicasAssignments=null, configs=null)], replica factor 1, partitions 3
18:25:48.796 [Test worker] INFO  ru.mai.lessons.rpks.ServiceTest - Topic not exist. Create topics [(name=test_topic_in, numPartitions=3, replicationFactor=1, replicasAssignments=null, configs=null), (name=test_topic_out, numPartitions=3, replicationFactor=1, replicasAssignments=null, configs=null)]
18:25:49.021 [Test worker] INFO  ru.mai.lessons.rpks.ServiceTest - Create filtering rule 1
18:25:49.032 [Test worker] INFO  ru.mai.lessons.rpks.ServiceTest - Check rule from DB
18:25:49.219 [pool-13-thread-1] INFO  r.m.l.rpks.impl.MessageFiltering - equals alex name
18:25:49.219 [pool-13-thread-1] INFO  r.m.l.rpks.impl.MessageFiltering - equals alex name
18:25:49.220 [pool-13-thread-1] INFO  r.m.l.rpks.impl.MessageFiltering - equals alex name
18:25:49.220 [pool-13-thread-1] INFO  r.m.l.rpks.impl.MessageFiltering - equals alex name
18:25:49.220 [pool-13-thread-1] INFO  r.m.l.rpks.impl.MessageFiltering - equals alex name
18:25:49.220 [pool-13-thread-1] ERROR r.m.l.rpks.impl.MessageFiltering - Exception while reading json message:
com.fasterxml.jackson.core.JsonParseException: Unexpected character (',' (code 44)): expected a valid value (JSON String, Number, Array, Object or token 'null', 'true' or 'false')
 at [Source: (String)"{"name":, "age":, "sex":"M"}"; line: 1, column: 10]
	at com.fasterxml.jackson.core.JsonParser._constructError(JsonParser.java:2477)
	at com.fasterxml.jackson.core.base.ParserMinimalBase._reportError(ParserMinimalBase.java:750)
	at com.fasterxml.jackson.core.base.ParserMinimalBase._reportUnexpectedChar(ParserMinimalBase.java:674)
	at com.fasterxml.jackson.core.json.ReaderBasedJsonParser._handleOddValue(ReaderBasedJsonParser.java:2085)
	at com.fasterxml.jackson.core.json.ReaderBasedJsonParser.nextFieldName(ReaderBasedJsonParser.java:1029)
	at com.fasterxml.jackson.databind.deser.std.BaseNodeDeserializer._deserializeContainerNoRecursion(JsonNodeDeserializer.java:536)
	at com.fasterxml.jackson.databind.deser.std.JsonNodeDeserializer.deserialize(JsonNodeDeserializer.java:100)
	at com.fasterxml.jackson.databind.deser.std.JsonNodeDeserializer.deserialize(JsonNodeDeserializer.java:25)
	at com.fasterxml.jackson.databind.deser.DefaultDeserializationContext.readRootValue(DefaultDeserializationContext.java:323)
	at com.fasterxml.jackson.databind.ObjectMapper._readTreeAndClose(ObjectMapper.java:4867)
	at com.fasterxml.jackson.databind.ObjectMapper.readTree(ObjectMapper.java:3219)
	at ru.mai.lessons.rpks.impl.MessageFiltering.processing(MessageFiltering.java:27)
	at ru.mai.lessons.rpks.impl.KafkaReaderImpl.processing(KafkaReaderImpl.java:55)
	at ru.mai.lessons.rpks.impl.ServiceFiltering.start(ServiceFiltering.java:28)
	at ru.mai.lessons.rpks.ServiceTest.lambda$testStartService$49(ServiceTest.java:1332)
	at java.base/java.util.concurrent.FutureTask.run(FutureTask.java:317)
	at java.base/java.util.concurrent.ThreadPoolExecutor.runWorker(ThreadPoolExecutor.java:1144)
	at java.base/java.util.concurrent.ThreadPoolExecutor$Worker.run(ThreadPoolExecutor.java:642)
	at java.base/java.lang.Thread.run(Thread.java:1623)
18:25:49.220 [pool-13-thread-1] INFO  r.m.l.rpks.impl.MessageFiltering - equals alex name
18:25:49.220 [pool-13-thread-1] INFO  r.m.l.rpks.impl.MessageFiltering - equals alex name
18:25:49.222 [pool-13-thread-2] INFO  ru.mai.lessons.rpks.ServiceTest - Remaining attempts 10
18:25:50.235 [pool-13-thread-2] INFO  ru.mai.lessons.rpks.ServiceTest - Read messages 1
18:25:50.238 [Test worker] INFO  ru.mai.lessons.rpks.ServiceTest - Create filtering rule 1
18:25:50.241 [Test worker] INFO  ru.mai.lessons.rpks.ServiceTest - Check rule from DB
18:25:50.242 [Test worker] INFO  ru.mai.lessons.rpks.ServiceTest - Wait until application updated rules from DB
18:26:10.249 [pool-13-thread-1] INFO  r.m.l.rpks.impl.MessageFiltering - contains alexander name
18:26:10.252 [pool-13-thread-1] INFO  r.m.l.rpks.impl.MessageFiltering - contains alexander name
18:26:10.254 [pool-13-thread-1] INFO  r.m.l.rpks.impl.MessageFiltering - contains alexander name
18:26:10.257 [pool-13-thread-1] INFO  r.m.l.rpks.impl.MessageFiltering - contains alexander name
18:26:10.258 [pool-13-thread-1] INFO  r.m.l.rpks.impl.MessageFiltering - contains alexander name
18:26:10.261 [pool-13-thread-1] ERROR r.m.l.rpks.impl.MessageFiltering - Exception while reading json message:
com.fasterxml.jackson.core.JsonParseException: Unexpected character (',' (code 44)): expected a valid value (JSON String, Number, Array, Object or token 'null', 'true' or 'false')
 at [Source: (String)"{"name":, "age":, "sex":"M"}"; line: 1, column: 10]
	at com.fasterxml.jackson.core.JsonParser._constructError(JsonParser.java:2477)
	at com.fasterxml.jackson.core.base.ParserMinimalBase._reportError(ParserMinimalBase.java:750)
	at com.fasterxml.jackson.core.base.ParserMinimalBase._reportUnexpectedChar(ParserMinimalBase.java:674)
	at com.fasterxml.jackson.core.json.ReaderBasedJsonParser._handleOddValue(ReaderBasedJsonParser.java:2085)
	at com.fasterxml.jackson.core.json.ReaderBasedJsonParser.nextFieldName(ReaderBasedJsonParser.java:1029)
	at com.fasterxml.jackson.databind.deser.std.BaseNodeDeserializer._deserializeContainerNoRecursion(JsonNodeDeserializer.java:536)
	at com.fasterxml.jackson.databind.deser.std.JsonNodeDeserializer.deserialize(JsonNodeDeserializer.java:100)
	at com.fasterxml.jackson.databind.deser.std.JsonNodeDeserializer.deserialize(JsonNodeDeserializer.java:25)
	at com.fasterxml.jackson.databind.deser.DefaultDeserializationContext.readRootValue(DefaultDeserializationContext.java:323)
	at com.fasterxml.jackson.databind.ObjectMapper._readTreeAndClose(ObjectMapper.java:4867)
	at com.fasterxml.jackson.databind.ObjectMapper.readTree(ObjectMapper.java:3219)
	at ru.mai.lessons.rpks.impl.MessageFiltering.processing(MessageFiltering.java:27)
	at ru.mai.lessons.rpks.impl.KafkaReaderImpl.processing(KafkaReaderImpl.java:55)
	at ru.mai.lessons.rpks.impl.ServiceFiltering.start(ServiceFiltering.java:28)
	at ru.mai.lessons.rpks.ServiceTest.lambda$testStartService$49(ServiceTest.java:1332)
	at java.base/java.util.concurrent.FutureTask.run(FutureTask.java:317)
	at java.base/java.util.concurrent.ThreadPoolExecutor.runWorker(ThreadPoolExecutor.java:1144)
	at java.base/java.util.concurrent.ThreadPoolExecutor$Worker.run(ThreadPoolExecutor.java:642)
	at java.base/java.lang.Thread.run(Thread.java:1623)
18:26:10.263 [pool-13-thread-1] INFO  r.m.l.rpks.impl.MessageFiltering - contains alexander name
18:26:10.266 [pool-13-thread-1] INFO  r.m.l.rpks.impl.MessageFiltering - contains alexander name
18:26:10.269 [pool-13-thread-2] INFO  ru.mai.lessons.rpks.ServiceTest - Read messages 1
18:26:10.270 [pool-13-thread-1] ERROR r.m.l.rpks.impl.ServiceFiltering - java.lang.InterruptedException
org.apache.kafka.common.errors.InterruptException: java.lang.InterruptedException
	at org.apache.kafka.clients.consumer.internals.ConsumerNetworkClient.maybeThrowInterruptException(ConsumerNetworkClient.java:535)
	at org.apache.kafka.clients.consumer.internals.ConsumerNetworkClient.poll(ConsumerNetworkClient.java:296)
	at org.apache.kafka.clients.consumer.internals.ConsumerNetworkClient.poll(ConsumerNetworkClient.java:251)
	at org.apache.kafka.clients.consumer.KafkaConsumer.pollForFetches(KafkaConsumer.java:1307)
	at org.apache.kafka.clients.consumer.KafkaConsumer.poll(KafkaConsumer.java:1243)
	at org.apache.kafka.clients.consumer.KafkaConsumer.poll(KafkaConsumer.java:1216)
	at ru.mai.lessons.rpks.impl.KafkaReaderImpl.processing(KafkaReaderImpl.java:53)
	at ru.mai.lessons.rpks.impl.ServiceFiltering.start(ServiceFiltering.java:28)
	at ru.mai.lessons.rpks.ServiceTest.lambda$testStartService$49(ServiceTest.java:1332)
	at java.base/java.util.concurrent.FutureTask.run(FutureTask.java:317)
	at java.base/java.util.concurrent.ThreadPoolExecutor.runWorker(ThreadPoolExecutor.java:1144)
	at java.base/java.util.concurrent.ThreadPoolExecutor$Worker.run(ThreadPoolExecutor.java:642)
	at java.base/java.lang.Thread.run(Thread.java:1623)
Caused by: java.lang.InterruptedException: null
	... 13 common frames omitted
18:26:10.270 [pool-13-thread-1] ERROR r.m.l.rpks.impl.ServiceFiltering - null
18:26:10.270 [pool-13-thread-1] ERROR r.m.l.rpks.impl.ServiceFiltering - [java.base/java.util.concurrent.locks.AbstractQueuedSynchronizer$ConditionObject.awaitNanos(AbstractQueuedSynchronizer.java:1744), java.base/java.util.concurrent.ThreadPoolExecutor.awaitTermination(ThreadPoolExecutor.java:1475), java.base/java.util.concurrent.Executors$DelegatedExecutorService.awaitTermination(Executors.java:781), ru.mai.lessons.rpks.impl.ServiceFiltering.start(ServiceFiltering.java:34), ru.mai.lessons.rpks.ServiceTest.lambda$testStartService$49(ServiceTest.java:1332), java.base/java.util.concurrent.FutureTask.run(FutureTask.java:317), java.base/java.util.concurrent.ThreadPoolExecutor.runWorker(ThreadPoolExecutor.java:1144), java.base/java.util.concurrent.ThreadPoolExecutor$Worker.run(ThreadPoolExecutor.java:642), java.base/java.lang.Thread.run(Thread.java:1623)]
18:26:16.877 [Test worker] INFO  ru.mai.lessons.rpks.ServiceTest - Topics: [(name=test_topic_in, numPartitions=3, replicationFactor=1, replicasAssignments=null, configs=null), (name=test_topic_out, numPartitions=3, replicationFactor=1, replicasAssignments=null, configs=null)], replica factor 1, partitions 3
18:26:16.892 [Test worker] INFO  ru.mai.lessons.rpks.ServiceTest - Topic not exist. Create topics [(name=test_topic_in, numPartitions=3, replicationFactor=1, replicasAssignments=null, configs=null), (name=test_topic_out, numPartitions=3, replicationFactor=1, replicasAssignments=null, configs=null)]
18:26:17.099 [Test worker] INFO  ru.mai.lessons.rpks.ServiceTest - Create filtering rule 1
18:26:17.110 [Test worker] INFO  ru.mai.lessons.rpks.ServiceTest - Check rule from DB
18:26:17.272 [pool-15-thread-2] INFO  ru.mai.lessons.rpks.ServiceTest - Remaining attempts 10
18:26:17.328 [pool-15-thread-1] INFO  r.m.l.rpks.impl.MessageFiltering - not_contains alexander name
18:26:17.328 [pool-15-thread-1] INFO  r.m.l.rpks.impl.MessageFiltering - not_contains alexander name
18:26:17.328 [pool-15-thread-1] INFO  r.m.l.rpks.impl.MessageFiltering - not_contains alexander name
18:26:17.328 [pool-15-thread-1] INFO  r.m.l.rpks.impl.MessageFiltering - not_contains alexander name
18:26:17.329 [pool-15-thread-1] ERROR r.m.l.rpks.impl.MessageFiltering - Exception while reading json message:
com.fasterxml.jackson.core.JsonParseException: Unexpected character (',' (code 44)): expected a valid value (JSON String, Number, Array, Object or token 'null', 'true' or 'false')
 at [Source: (String)"{"name":"alexander_pushkin", "age":, "sex":null}"; line: 1, column: 37]
	at com.fasterxml.jackson.core.JsonParser._constructError(JsonParser.java:2477)
	at com.fasterxml.jackson.core.base.ParserMinimalBase._reportError(ParserMinimalBase.java:750)
	at com.fasterxml.jackson.core.base.ParserMinimalBase._reportUnexpectedChar(ParserMinimalBase.java:674)
	at com.fasterxml.jackson.core.json.ReaderBasedJsonParser._handleOddValue(ReaderBasedJsonParser.java:2085)
	at com.fasterxml.jackson.core.json.ReaderBasedJsonParser.nextFieldName(ReaderBasedJsonParser.java:1029)
	at com.fasterxml.jackson.databind.deser.std.BaseNodeDeserializer._deserializeContainerNoRecursion(JsonNodeDeserializer.java:539)
	at com.fasterxml.jackson.databind.deser.std.JsonNodeDeserializer.deserialize(JsonNodeDeserializer.java:100)
	at com.fasterxml.jackson.databind.deser.std.JsonNodeDeserializer.deserialize(JsonNodeDeserializer.java:25)
	at com.fasterxml.jackson.databind.deser.DefaultDeserializationContext.readRootValue(DefaultDeserializationContext.java:323)
	at com.fasterxml.jackson.databind.ObjectMapper._readTreeAndClose(ObjectMapper.java:4867)
	at com.fasterxml.jackson.databind.ObjectMapper.readTree(ObjectMapper.java:3219)
	at ru.mai.lessons.rpks.impl.MessageFiltering.processing(MessageFiltering.java:27)
	at ru.mai.lessons.rpks.impl.KafkaReaderImpl.processing(KafkaReaderImpl.java:55)
	at ru.mai.lessons.rpks.impl.ServiceFiltering.start(ServiceFiltering.java:28)
	at ru.mai.lessons.rpks.ServiceTest.lambda$testStartService$49(ServiceTest.java:1332)
	at java.base/java.util.concurrent.FutureTask.run(FutureTask.java:317)
	at java.base/java.util.concurrent.ThreadPoolExecutor.runWorker(ThreadPoolExecutor.java:1144)
	at java.base/java.util.concurrent.ThreadPoolExecutor$Worker.run(ThreadPoolExecutor.java:642)
	at java.base/java.lang.Thread.run(Thread.java:1623)
18:26:17.329 [pool-15-thread-1] INFO  r.m.l.rpks.impl.MessageFiltering - not_contains alexander name
18:26:18.301 [pool-15-thread-2] INFO  ru.mai.lessons.rpks.ServiceTest - Read messages 1
18:26:18.302 [pool-15-thread-1] ERROR r.m.l.rpks.impl.ServiceFiltering - java.lang.InterruptedException
org.apache.kafka.common.errors.InterruptException: java.lang.InterruptedException
	at org.apache.kafka.clients.consumer.internals.ConsumerNetworkClient.maybeThrowInterruptException(ConsumerNetworkClient.java:535)
	at org.apache.kafka.clients.consumer.internals.ConsumerNetworkClient.poll(ConsumerNetworkClient.java:296)
	at org.apache.kafka.clients.consumer.internals.ConsumerNetworkClient.poll(ConsumerNetworkClient.java:251)
	at org.apache.kafka.clients.consumer.KafkaConsumer.pollForFetches(KafkaConsumer.java:1307)
	at org.apache.kafka.clients.consumer.KafkaConsumer.poll(KafkaConsumer.java:1243)
	at org.apache.kafka.clients.consumer.KafkaConsumer.poll(KafkaConsumer.java:1216)
	at ru.mai.lessons.rpks.impl.KafkaReaderImpl.processing(KafkaReaderImpl.java:53)
	at ru.mai.lessons.rpks.impl.ServiceFiltering.start(ServiceFiltering.java:28)
	at ru.mai.lessons.rpks.ServiceTest.lambda$testStartService$49(ServiceTest.java:1332)
	at java.base/java.util.concurrent.FutureTask.run(FutureTask.java:317)
	at java.base/java.util.concurrent.ThreadPoolExecutor.runWorker(ThreadPoolExecutor.java:1144)
	at java.base/java.util.concurrent.ThreadPoolExecutor$Worker.run(ThreadPoolExecutor.java:642)
	at java.base/java.lang.Thread.run(Thread.java:1623)
Caused by: java.lang.InterruptedException: null
	... 13 common frames omitted
18:26:26.069 [Test worker] INFO  ru.mai.lessons.rpks.ServiceTest - Topics: [(name=test_topic_in, numPartitions=3, replicationFactor=1, replicasAssignments=null, configs=null), (name=test_topic_out, numPartitions=3, replicationFactor=1, replicasAssignments=null, configs=null)], replica factor 1, partitions 3
18:26:26.083 [Test worker] INFO  ru.mai.lessons.rpks.ServiceTest - Topic not exist. Create topics [(name=test_topic_in, numPartitions=3, replicationFactor=1, replicasAssignments=null, configs=null), (name=test_topic_out, numPartitions=3, replicationFactor=1, replicasAssignments=null, configs=null)]
18:26:26.291 [Test worker] INFO  ru.mai.lessons.rpks.ServiceTest - Create filtering rule 1
18:26:26.301 [Test worker] INFO  ru.mai.lessons.rpks.ServiceTest - Check rule from DB
18:26:26.303 [Test worker] INFO  ru.mai.lessons.rpks.ServiceTest - Create filtering rule 1
18:26:26.329 [Test worker] INFO  ru.mai.lessons.rpks.ServiceTest - Check rule from DB
18:26:26.500 [pool-17-thread-2] INFO  ru.mai.lessons.rpks.ServiceTest - Remaining attempts 10
18:26:26.533 [pool-17-thread-1] INFO  r.m.l.rpks.impl.MessageFiltering - equals 18 age
18:26:26.533 [pool-17-thread-1] INFO  r.m.l.rpks.impl.MessageFiltering - not_contains ivanov name
18:26:26.539 [pool-17-thread-1] ERROR r.m.l.rpks.impl.MessageFiltering - Exception while reading json message:
com.fasterxml.jackson.core.JsonParseException: Unexpected character (',' (code 44)): expected a valid value (JSON String, Number, Array, Object or token 'null', 'true' or 'false')
 at [Source: (String)"{"name":"alexander", "age":, "sex":"M"}"; line: 1, column: 29]
	at com.fasterxml.jackson.core.JsonParser._constructError(JsonParser.java:2477)
	at com.fasterxml.jackson.core.base.ParserMinimalBase._reportError(ParserMinimalBase.java:750)
	at com.fasterxml.jackson.core.base.ParserMinimalBase._reportUnexpectedChar(ParserMinimalBase.java:674)
	at com.fasterxml.jackson.core.json.ReaderBasedJsonParser._handleOddValue(ReaderBasedJsonParser.java:2085)
	at com.fasterxml.jackson.core.json.ReaderBasedJsonParser.nextFieldName(ReaderBasedJsonParser.java:1029)
	at com.fasterxml.jackson.databind.deser.std.BaseNodeDeserializer._deserializeContainerNoRecursion(JsonNodeDeserializer.java:539)
	at com.fasterxml.jackson.databind.deser.std.JsonNodeDeserializer.deserialize(JsonNodeDeserializer.java:100)
	at com.fasterxml.jackson.databind.deser.std.JsonNodeDeserializer.deserialize(JsonNodeDeserializer.java:25)
	at com.fasterxml.jackson.databind.deser.DefaultDeserializationContext.readRootValue(DefaultDeserializationContext.java:323)
	at com.fasterxml.jackson.databind.ObjectMapper._readTreeAndClose(ObjectMapper.java:4867)
	at com.fasterxml.jackson.databind.ObjectMapper.readTree(ObjectMapper.java:3219)
	at ru.mai.lessons.rpks.impl.MessageFiltering.processing(MessageFiltering.java:27)
	at ru.mai.lessons.rpks.impl.KafkaReaderImpl.processing(KafkaReaderImpl.java:55)
	at ru.mai.lessons.rpks.impl.ServiceFiltering.start(ServiceFiltering.java:28)
	at ru.mai.lessons.rpks.ServiceTest.lambda$testStartService$49(ServiceTest.java:1332)
	at java.base/java.util.concurrent.FutureTask.run(FutureTask.java:317)
	at java.base/java.util.concurrent.ThreadPoolExecutor.runWorker(ThreadPoolExecutor.java:1144)
	at java.base/java.util.concurrent.ThreadPoolExecutor$Worker.run(ThreadPoolExecutor.java:642)
	at java.base/java.lang.Thread.run(Thread.java:1623)
18:26:26.539 [pool-17-thread-1] INFO  r.m.l.rpks.impl.MessageFiltering - equals 18 age
18:26:26.539 [pool-17-thread-1] INFO  r.m.l.rpks.impl.MessageFiltering - not_contains ivanov name
18:26:26.539 [pool-17-thread-1] INFO  r.m.l.rpks.impl.MessageFiltering - equals 18 age
18:26:26.539 [pool-17-thread-1] INFO  r.m.l.rpks.impl.MessageFiltering - not_contains ivanov name
18:26:26.540 [pool-17-thread-1] INFO  r.m.l.rpks.impl.MessageFiltering - equals 18 age
18:26:26.540 [pool-17-thread-1] INFO  r.m.l.rpks.impl.MessageFiltering - equals 18 age
18:26:26.540 [pool-17-thread-1] INFO  r.m.l.rpks.impl.MessageFiltering - equals 18 age
18:26:26.540 [pool-17-thread-1] INFO  r.m.l.rpks.impl.MessageFiltering - equals 18 age
18:26:27.504 [pool-17-thread-2] INFO  ru.mai.lessons.rpks.ServiceTest - Read messages 1
18:26:27.505 [pool-17-thread-1] ERROR r.m.l.rpks.impl.ServiceFiltering - java.lang.InterruptedException
org.apache.kafka.common.errors.InterruptException: java.lang.InterruptedException
	at org.apache.kafka.clients.consumer.internals.ConsumerNetworkClient.maybeThrowInterruptException(ConsumerNetworkClient.java:535)
	at org.apache.kafka.clients.consumer.internals.ConsumerNetworkClient.poll(ConsumerNetworkClient.java:296)
	at org.apache.kafka.clients.consumer.internals.ConsumerNetworkClient.poll(ConsumerNetworkClient.java:251)
	at org.apache.kafka.clients.consumer.KafkaConsumer.pollForFetches(KafkaConsumer.java:1307)
	at org.apache.kafka.clients.consumer.KafkaConsumer.poll(KafkaConsumer.java:1243)
	at org.apache.kafka.clients.consumer.KafkaConsumer.poll(KafkaConsumer.java:1216)
	at ru.mai.lessons.rpks.impl.KafkaReaderImpl.processing(KafkaReaderImpl.java:53)
	at ru.mai.lessons.rpks.impl.ServiceFiltering.start(ServiceFiltering.java:28)
	at ru.mai.lessons.rpks.ServiceTest.lambda$testStartService$49(ServiceTest.java:1332)
	at java.base/java.util.concurrent.FutureTask.run(FutureTask.java:317)
	at java.base/java.util.concurrent.ThreadPoolExecutor.runWorker(ThreadPoolExecutor.java:1144)
	at java.base/java.util.concurrent.ThreadPoolExecutor$Worker.run(ThreadPoolExecutor.java:642)
	at java.base/java.lang.Thread.run(Thread.java:1623)
Caused by: java.lang.InterruptedException: null
	... 13 common frames omitted
18:26:27.505 [pool-17-thread-1] ERROR r.m.l.rpks.impl.ServiceFiltering - null
18:26:27.505 [pool-17-thread-1] ERROR r.m.l.rpks.impl.ServiceFiltering - [java.base/java.util.concurrent.locks.AbstractQueuedSynchronizer$ConditionObject.awaitNanos(AbstractQueuedSynchronizer.java:1744), java.base/java.util.concurrent.ThreadPoolExecutor.awaitTermination(ThreadPoolExecutor.java:1475), java.base/java.util.concurrent.Executors$DelegatedExecutorService.awaitTermination(Executors.java:781), ru.mai.lessons.rpks.impl.ServiceFiltering.start(ServiceFiltering.java:34), ru.mai.lessons.rpks.ServiceTest.lambda$testStartService$49(ServiceTest.java:1332), java.base/java.util.concurrent.FutureTask.run(FutureTask.java:317), java.base/java.util.concurrent.ThreadPoolExecutor.runWorker(ThreadPoolExecutor.java:1144), java.base/java.util.concurrent.ThreadPoolExecutor$Worker.run(ThreadPoolExecutor.java:642), java.base/java.lang.Thread.run(Thread.java:1623)]
18:26:36.739 [Test worker] INFO  ru.mai.lessons.rpks.ServiceTest - Topics: [(name=test_topic_in, numPartitions=3, replicationFactor=1, replicasAssignments=null, configs=null), (name=test_topic_out, numPartitions=3, replicationFactor=1, replicasAssignments=null, configs=null)], replica factor 1, partitions 3
18:26:36.755 [Test worker] INFO  ru.mai.lessons.rpks.ServiceTest - Topic not exist. Create topics [(name=test_topic_in, numPartitions=3, replicationFactor=1, replicasAssignments=null, configs=null), (name=test_topic_out, numPartitions=3, replicationFactor=1, replicasAssignments=null, configs=null)]
18:26:36.987 [Test worker] INFO  ru.mai.lessons.rpks.ServiceTest - Create filtering rule 1
18:26:37.000 [Test worker] INFO  ru.mai.lessons.rpks.ServiceTest - Check rule from DB
18:26:37.177 [pool-19-thread-2] INFO  ru.mai.lessons.rpks.ServiceTest - Remaining attempts 10
18:26:37.239 [pool-19-thread-1] INFO  r.m.l.rpks.impl.MessageFiltering - contains alexander name
18:26:37.239 [pool-19-thread-1] INFO  r.m.l.rpks.impl.MessageFiltering - contains alexander name
18:26:37.239 [pool-19-thread-1] INFO  r.m.l.rpks.impl.MessageFiltering - contains alexander name
18:26:37.239 [pool-19-thread-1] INFO  r.m.l.rpks.impl.MessageFiltering - contains alexander name
18:26:37.239 [pool-19-thread-1] INFO  r.m.l.rpks.impl.MessageFiltering - contains alexander name
18:26:38.213 [pool-19-thread-2] INFO  ru.mai.lessons.rpks.ServiceTest - Read messages 1
18:26:38.213 [pool-19-thread-1] ERROR r.m.l.rpks.impl.ServiceFiltering - java.lang.InterruptedException
org.apache.kafka.common.errors.InterruptException: java.lang.InterruptedException
	at org.apache.kafka.clients.consumer.internals.ConsumerNetworkClient.maybeThrowInterruptException(ConsumerNetworkClient.java:535)
	at org.apache.kafka.clients.consumer.internals.ConsumerNetworkClient.poll(ConsumerNetworkClient.java:296)
	at org.apache.kafka.clients.consumer.internals.ConsumerNetworkClient.poll(ConsumerNetworkClient.java:251)
	at org.apache.kafka.clients.consumer.KafkaConsumer.pollForFetches(KafkaConsumer.java:1307)
	at org.apache.kafka.clients.consumer.KafkaConsumer.poll(KafkaConsumer.java:1243)
	at org.apache.kafka.clients.consumer.KafkaConsumer.poll(KafkaConsumer.java:1216)
	at ru.mai.lessons.rpks.impl.KafkaReaderImpl.processing(KafkaReaderImpl.java:53)
	at ru.mai.lessons.rpks.impl.ServiceFiltering.start(ServiceFiltering.java:28)
	at ru.mai.lessons.rpks.ServiceTest.lambda$testStartService$49(ServiceTest.java:1332)
	at java.base/java.util.concurrent.FutureTask.run(FutureTask.java:317)
	at java.base/java.util.concurrent.ThreadPoolExecutor.runWorker(ThreadPoolExecutor.java:1144)
	at java.base/java.util.concurrent.ThreadPoolExecutor$Worker.run(ThreadPoolExecutor.java:642)
	at java.base/java.lang.Thread.run(Thread.java:1623)
Caused by: java.lang.InterruptedException: null
	... 13 common frames omitted
18:26:46.388 [Test worker] INFO  ru.mai.lessons.rpks.ServiceTest - Topics: [(name=test_topic_in, numPartitions=3, replicationFactor=1, replicasAssignments=null, configs=null), (name=test_topic_out, numPartitions=3, replicationFactor=1, replicasAssignments=null, configs=null)], replica factor 1, partitions 3
18:26:46.404 [Test worker] INFO  ru.mai.lessons.rpks.ServiceTest - Topic not exist. Create topics [(name=test_topic_in, numPartitions=3, replicationFactor=1, replicasAssignments=null, configs=null), (name=test_topic_out, numPartitions=3, replicationFactor=1, replicasAssignments=null, configs=null)]
18:26:46.639 [Test worker] INFO  ru.mai.lessons.rpks.ServiceTest - Create filtering rule 1
18:26:46.650 [Test worker] INFO  ru.mai.lessons.rpks.ServiceTest - Check rule from DB
18:26:46.653 [Test worker] INFO  ru.mai.lessons.rpks.ServiceTest - Create filtering rule 1
18:26:46.681 [Test worker] INFO  ru.mai.lessons.rpks.ServiceTest - Check rule from DB
18:26:46.884 [pool-21-thread-2] INFO  ru.mai.lessons.rpks.ServiceTest - Remaining attempts 10
18:26:46.890 [pool-21-thread-1] INFO  r.m.l.rpks.impl.MessageFiltering - equals 18 age
18:26:46.891 [pool-21-thread-1] INFO  r.m.l.rpks.impl.MessageFiltering - contains alexander name
18:26:46.896 [pool-21-thread-1] INFO  r.m.l.rpks.impl.MessageFiltering - equals 18 age
18:26:46.896 [pool-21-thread-1] INFO  r.m.l.rpks.impl.MessageFiltering - contains alexander name
18:26:46.896 [pool-21-thread-1] INFO  r.m.l.rpks.impl.MessageFiltering - equals 18 age
18:26:46.896 [pool-21-thread-1] INFO  r.m.l.rpks.impl.MessageFiltering - equals 18 age
18:26:46.896 [pool-21-thread-1] INFO  r.m.l.rpks.impl.MessageFiltering - contains alexander name
18:26:46.896 [pool-21-thread-1] INFO  r.m.l.rpks.impl.MessageFiltering - equals 18 age
18:26:46.896 [pool-21-thread-1] INFO  r.m.l.rpks.impl.MessageFiltering - contains alexander name
18:26:46.896 [pool-21-thread-1] ERROR r.m.l.rpks.impl.MessageFiltering - Exception while reading json message:
com.fasterxml.jackson.core.JsonParseException: Unexpected character (',' (code 44)): expected a valid value (JSON String, Number, Array, Object or token 'null', 'true' or 'false')
 at [Source: (String)"{"name":"alexander", "age":, "sex":"M"}"; line: 1, column: 29]
	at com.fasterxml.jackson.core.JsonParser._constructError(JsonParser.java:2477)
	at com.fasterxml.jackson.core.base.ParserMinimalBase._reportError(ParserMinimalBase.java:750)
	at com.fasterxml.jackson.core.base.ParserMinimalBase._reportUnexpectedChar(ParserMinimalBase.java:674)
	at com.fasterxml.jackson.core.json.ReaderBasedJsonParser._handleOddValue(ReaderBasedJsonParser.java:2085)
	at com.fasterxml.jackson.core.json.ReaderBasedJsonParser.nextFieldName(ReaderBasedJsonParser.java:1029)
	at com.fasterxml.jackson.databind.deser.std.BaseNodeDeserializer._deserializeContainerNoRecursion(JsonNodeDeserializer.java:539)
	at com.fasterxml.jackson.databind.deser.std.JsonNodeDeserializer.deserialize(JsonNodeDeserializer.java:100)
	at com.fasterxml.jackson.databind.deser.std.JsonNodeDeserializer.deserialize(JsonNodeDeserializer.java:25)
	at com.fasterxml.jackson.databind.deser.DefaultDeserializationContext.readRootValue(DefaultDeserializationContext.java:323)
	at com.fasterxml.jackson.databind.ObjectMapper._readTreeAndClose(ObjectMapper.java:4867)
	at com.fasterxml.jackson.databind.ObjectMapper.readTree(ObjectMapper.java:3219)
	at ru.mai.lessons.rpks.impl.MessageFiltering.processing(MessageFiltering.java:27)
	at ru.mai.lessons.rpks.impl.KafkaReaderImpl.processing(KafkaReaderImpl.java:55)
	at ru.mai.lessons.rpks.impl.ServiceFiltering.start(ServiceFiltering.java:28)
	at ru.mai.lessons.rpks.ServiceTest.lambda$testStartService$49(ServiceTest.java:1332)
	at java.base/java.util.concurrent.FutureTask.run(FutureTask.java:317)
	at java.base/java.util.concurrent.ThreadPoolExecutor.runWorker(ThreadPoolExecutor.java:1144)
	at java.base/java.util.concurrent.ThreadPoolExecutor$Worker.run(ThreadPoolExecutor.java:642)
	at java.base/java.lang.Thread.run(Thread.java:1623)
18:26:46.897 [pool-21-thread-1] INFO  r.m.l.rpks.impl.MessageFiltering - equals 18 age
18:26:46.897 [pool-21-thread-1] INFO  r.m.l.rpks.impl.MessageFiltering - equals 18 age
18:26:46.897 [pool-21-thread-1] INFO  r.m.l.rpks.impl.MessageFiltering - contains alexander name
18:26:46.897 [pool-21-thread-1] INFO  r.m.l.rpks.impl.MessageFiltering - equals 18 age
18:26:46.897 [pool-21-thread-1] INFO  r.m.l.rpks.impl.MessageFiltering - contains alexander name
18:26:46.897 [pool-21-thread-1] INFO  r.m.l.rpks.impl.MessageFiltering - equals 18 age
18:26:47.900 [pool-21-thread-2] INFO  ru.mai.lessons.rpks.ServiceTest - Read messages 1
18:26:47.901 [pool-21-thread-1] ERROR r.m.l.rpks.impl.ServiceFiltering - java.lang.InterruptedException
org.apache.kafka.common.errors.InterruptException: java.lang.InterruptedException
	at org.apache.kafka.clients.consumer.internals.ConsumerNetworkClient.maybeThrowInterruptException(ConsumerNetworkClient.java:535)
	at org.apache.kafka.clients.consumer.internals.ConsumerNetworkClient.poll(ConsumerNetworkClient.java:296)
	at org.apache.kafka.clients.consumer.internals.ConsumerNetworkClient.poll(ConsumerNetworkClient.java:251)
	at org.apache.kafka.clients.consumer.KafkaConsumer.pollForFetches(KafkaConsumer.java:1307)
	at org.apache.kafka.clients.consumer.KafkaConsumer.poll(KafkaConsumer.java:1243)
	at org.apache.kafka.clients.consumer.KafkaConsumer.poll(KafkaConsumer.java:1216)
	at ru.mai.lessons.rpks.impl.KafkaReaderImpl.processing(KafkaReaderImpl.java:53)
	at ru.mai.lessons.rpks.impl.ServiceFiltering.start(ServiceFiltering.java:28)
	at ru.mai.lessons.rpks.ServiceTest.lambda$testStartService$49(ServiceTest.java:1332)
	at java.base/java.util.concurrent.FutureTask.run(FutureTask.java:317)
	at java.base/java.util.concurrent.ThreadPoolExecutor.runWorker(ThreadPoolExecutor.java:1144)
	at java.base/java.util.concurrent.ThreadPoolExecutor$Worker.run(ThreadPoolExecutor.java:642)
	at java.base/java.lang.Thread.run(Thread.java:1623)
Caused by: java.lang.InterruptedException: null
	... 13 common frames omitted
18:26:47.901 [pool-21-thread-1] ERROR r.m.l.rpks.impl.ServiceFiltering - null
18:26:47.901 [pool-21-thread-1] ERROR r.m.l.rpks.impl.ServiceFiltering - [java.base/java.util.concurrent.locks.AbstractQueuedSynchronizer$ConditionObject.awaitNanos(AbstractQueuedSynchronizer.java:1744), java.base/java.util.concurrent.ThreadPoolExecutor.awaitTermination(ThreadPoolExecutor.java:1475), java.base/java.util.concurrent.Executors$DelegatedExecutorService.awaitTermination(Executors.java:781), ru.mai.lessons.rpks.impl.ServiceFiltering.start(ServiceFiltering.java:34), ru.mai.lessons.rpks.ServiceTest.lambda$testStartService$49(ServiceTest.java:1332), java.base/java.util.concurrent.FutureTask.run(FutureTask.java:317), java.base/java.util.concurrent.ThreadPoolExecutor.runWorker(ThreadPoolExecutor.java:1144), java.base/java.util.concurrent.ThreadPoolExecutor$Worker.run(ThreadPoolExecutor.java:642), java.base/java.lang.Thread.run(Thread.java:1623)]
18:26:56.518 [Test worker] INFO  ru.mai.lessons.rpks.ServiceTest - Topics: [(name=test_topic_in, numPartitions=3, replicationFactor=1, replicasAssignments=null, configs=null), (name=test_topic_out, numPartitions=3, replicationFactor=1, replicasAssignments=null, configs=null)], replica factor 1, partitions 3
18:26:56.535 [Test worker] INFO  ru.mai.lessons.rpks.ServiceTest - Topic not exist. Create topics [(name=test_topic_in, numPartitions=3, replicationFactor=1, replicasAssignments=null, configs=null), (name=test_topic_out, numPartitions=3, replicationFactor=1, replicasAssignments=null, configs=null)]
18:26:56.800 [Test worker] INFO  ru.mai.lessons.rpks.ServiceTest - Create filtering rule 1
18:26:56.812 [Test worker] INFO  ru.mai.lessons.rpks.ServiceTest - Check rule from DB
18:26:57.019 [pool-23-thread-2] INFO  ru.mai.lessons.rpks.ServiceTest - Remaining attempts 10
18:26:57.050 [pool-23-thread-1] INFO  r.m.l.rpks.impl.MessageFiltering - equals alex name
18:26:57.050 [pool-23-thread-1] INFO  r.m.l.rpks.impl.MessageFiltering - equals alex name
18:26:57.050 [pool-23-thread-1] INFO  r.m.l.rpks.impl.MessageFiltering - equals alex name
18:26:57.050 [pool-23-thread-1] INFO  r.m.l.rpks.impl.MessageFiltering - equals alex name
18:26:57.051 [pool-23-thread-1] INFO  r.m.l.rpks.impl.MessageFiltering - equals alex name
18:26:58.028 [pool-23-thread-2] INFO  ru.mai.lessons.rpks.ServiceTest - Read messages 1
18:26:58.029 [pool-23-thread-1] ERROR r.m.l.rpks.impl.ServiceFiltering - java.lang.InterruptedException
org.apache.kafka.common.errors.InterruptException: java.lang.InterruptedException
	at org.apache.kafka.clients.consumer.internals.ConsumerNetworkClient.maybeThrowInterruptException(ConsumerNetworkClient.java:535)
	at org.apache.kafka.clients.consumer.internals.ConsumerNetworkClient.poll(ConsumerNetworkClient.java:296)
	at org.apache.kafka.clients.consumer.internals.ConsumerNetworkClient.poll(ConsumerNetworkClient.java:251)
	at org.apache.kafka.clients.consumer.KafkaConsumer.pollForFetches(KafkaConsumer.java:1307)
	at org.apache.kafka.clients.consumer.KafkaConsumer.poll(KafkaConsumer.java:1243)
	at org.apache.kafka.clients.consumer.KafkaConsumer.poll(KafkaConsumer.java:1216)
	at ru.mai.lessons.rpks.impl.KafkaReaderImpl.processing(KafkaReaderImpl.java:53)
	at ru.mai.lessons.rpks.impl.ServiceFiltering.start(ServiceFiltering.java:28)
	at ru.mai.lessons.rpks.ServiceTest.lambda$testStartService$49(ServiceTest.java:1332)
	at java.base/java.util.concurrent.FutureTask.run(FutureTask.java:317)
	at java.base/java.util.concurrent.ThreadPoolExecutor.runWorker(ThreadPoolExecutor.java:1144)
	at java.base/java.util.concurrent.ThreadPoolExecutor$Worker.run(ThreadPoolExecutor.java:642)
	at java.base/java.lang.Thread.run(Thread.java:1623)
Caused by: java.lang.InterruptedException: null
	... 13 common frames omitted
18:26:58.029 [pool-23-thread-1] ERROR r.m.l.rpks.impl.ServiceFiltering - null
18:26:58.029 [pool-23-thread-1] ERROR r.m.l.rpks.impl.ServiceFiltering - [java.base/java.util.concurrent.locks.AbstractQueuedSynchronizer$ConditionObject.awaitNanos(AbstractQueuedSynchronizer.java:1744), java.base/java.util.concurrent.ThreadPoolExecutor.awaitTermination(ThreadPoolExecutor.java:1475), java.base/java.util.concurrent.Executors$DelegatedExecutorService.awaitTermination(Executors.java:781), ru.mai.lessons.rpks.impl.ServiceFiltering.start(ServiceFiltering.java:34), ru.mai.lessons.rpks.ServiceTest.lambda$testStartService$49(ServiceTest.java:1332), java.base/java.util.concurrent.FutureTask.run(FutureTask.java:317), java.base/java.util.concurrent.ThreadPoolExecutor.runWorker(ThreadPoolExecutor.java:1144), java.base/java.util.concurrent.ThreadPoolExecutor$Worker.run(ThreadPoolExecutor.java:642), java.base/java.lang.Thread.run(Thread.java:1623)]
18:27:06.396 [Test worker] INFO  ru.mai.lessons.rpks.ServiceTest - Create filtering rule 1
18:27:06.407 [Test worker] INFO  ru.mai.lessons.rpks.ServiceTest - Check rule from DB
18:27:13.427 [Test worker] INFO  ru.mai.lessons.rpks.ServiceTest - Topics: [(name=test_topic_in, numPartitions=3, replicationFactor=1, replicasAssignments=null, configs=null), (name=test_topic_out, numPartitions=3, replicationFactor=1, replicasAssignments=null, configs=null)], replica factor 1, partitions 3
18:27:13.439 [Test worker] INFO  ru.mai.lessons.rpks.ServiceTest - Topic not exist. Create topics [(name=test_topic_in, numPartitions=3, replicationFactor=1, replicasAssignments=null, configs=null), (name=test_topic_out, numPartitions=3, replicationFactor=1, replicasAssignments=null, configs=null)]
18:27:13.662 [Test worker] INFO  ru.mai.lessons.rpks.ServiceTest - Create filtering rule 1
18:27:13.674 [Test worker] INFO  ru.mai.lessons.rpks.ServiceTest - Check rule from DB
18:27:13.677 [Test worker] INFO  ru.mai.lessons.rpks.ServiceTest - Create filtering rule 1
18:27:13.706 [Test worker] INFO  ru.mai.lessons.rpks.ServiceTest - Check rule from DB
18:27:13.880 [pool-26-thread-2] INFO  ru.mai.lessons.rpks.ServiceTest - Remaining attempts 10
18:27:13.890 [pool-26-thread-1] INFO  r.m.l.rpks.impl.MessageFiltering - equals alex name
18:27:13.890 [pool-26-thread-1] INFO  r.m.l.rpks.impl.MessageFiltering - equals alex name
18:27:13.891 [pool-26-thread-1] ERROR r.m.l.rpks.impl.MessageFiltering - Exception while reading json message:
com.fasterxml.jackson.core.JsonParseException: Unexpected character (',' (code 44)) in numeric value: expected digit (0-9) to follow minus sign, for valid numeric value
 at [Source: (String)"{"name":"", "age":-, "sex":"M"}"; line: 1, column: 21]
	at com.fasterxml.jackson.core.JsonParser._constructError(JsonParser.java:2477)
	at com.fasterxml.jackson.core.base.ParserMinimalBase._reportError(ParserMinimalBase.java:750)
	at com.fasterxml.jackson.core.base.ParserMinimalBase._reportUnexpectedNumberChar(ParserMinimalBase.java:566)
	at com.fasterxml.jackson.core.json.ReaderBasedJsonParser._handleInvalidNumberStart(ReaderBasedJsonParser.java:1792)
	at com.fasterxml.jackson.core.json.ReaderBasedJsonParser._parseSignedNumber(ReaderBasedJsonParser.java:1516)
	at com.fasterxml.jackson.core.json.ReaderBasedJsonParser.nextFieldName(ReaderBasedJsonParser.java:986)
	at com.fasterxml.jackson.databind.deser.std.BaseNodeDeserializer._deserializeContainerNoRecursion(JsonNodeDeserializer.java:539)
	at com.fasterxml.jackson.databind.deser.std.JsonNodeDeserializer.deserialize(JsonNodeDeserializer.java:100)
	at com.fasterxml.jackson.databind.deser.std.JsonNodeDeserializer.deserialize(JsonNodeDeserializer.java:25)
	at com.fasterxml.jackson.databind.deser.DefaultDeserializationContext.readRootValue(DefaultDeserializationContext.java:323)
	at com.fasterxml.jackson.databind.ObjectMapper._readTreeAndClose(ObjectMapper.java:4867)
	at com.fasterxml.jackson.databind.ObjectMapper.readTree(ObjectMapper.java:3219)
	at ru.mai.lessons.rpks.impl.MessageFiltering.processing(MessageFiltering.java:27)
	at ru.mai.lessons.rpks.impl.KafkaReaderImpl.processing(KafkaReaderImpl.java:55)
	at ru.mai.lessons.rpks.impl.ServiceFiltering.start(ServiceFiltering.java:28)
	at ru.mai.lessons.rpks.ServiceTest.lambda$testStartService$49(ServiceTest.java:1332)
	at java.base/java.util.concurrent.FutureTask.run(FutureTask.java:317)
	at java.base/java.util.concurrent.ThreadPoolExecutor.runWorker(ThreadPoolExecutor.java:1144)
	at java.base/java.util.concurrent.ThreadPoolExecutor$Worker.run(ThreadPoolExecutor.java:642)
	at java.base/java.lang.Thread.run(Thread.java:1623)
18:27:13.892 [pool-26-thread-1] INFO  r.m.l.rpks.impl.MessageFiltering - equals alex name
18:27:13.892 [pool-26-thread-1] INFO  r.m.l.rpks.impl.MessageFiltering - equals alex name
18:27:13.892 [pool-26-thread-1] INFO  r.m.l.rpks.impl.MessageFiltering - equals 18 age
18:27:13.892 [pool-26-thread-1] INFO  r.m.l.rpks.impl.MessageFiltering - equals alex name
18:27:13.892 [pool-26-thread-1] INFO  r.m.l.rpks.impl.MessageFiltering - equals alex name
18:27:13.892 [pool-26-thread-1] INFO  r.m.l.rpks.impl.MessageFiltering - equals 18 age
18:27:14.889 [pool-26-thread-2] INFO  ru.mai.lessons.rpks.ServiceTest - Read messages 1
18:27:14.889 [pool-26-thread-1] ERROR r.m.l.rpks.impl.ServiceFiltering - java.lang.InterruptedException
org.apache.kafka.common.errors.InterruptException: java.lang.InterruptedException
	at org.apache.kafka.clients.consumer.internals.ConsumerNetworkClient.maybeThrowInterruptException(ConsumerNetworkClient.java:535)
	at org.apache.kafka.clients.consumer.internals.ConsumerNetworkClient.poll(ConsumerNetworkClient.java:296)
	at org.apache.kafka.clients.consumer.internals.ConsumerNetworkClient.poll(ConsumerNetworkClient.java:251)
	at org.apache.kafka.clients.consumer.KafkaConsumer.pollForFetches(KafkaConsumer.java:1307)
	at org.apache.kafka.clients.consumer.KafkaConsumer.poll(KafkaConsumer.java:1243)
	at org.apache.kafka.clients.consumer.KafkaConsumer.poll(KafkaConsumer.java:1216)
	at ru.mai.lessons.rpks.impl.KafkaReaderImpl.processing(KafkaReaderImpl.java:53)
	at ru.mai.lessons.rpks.impl.ServiceFiltering.start(ServiceFiltering.java:28)
	at ru.mai.lessons.rpks.ServiceTest.lambda$testStartService$49(ServiceTest.java:1332)
	at java.base/java.util.concurrent.FutureTask.run(FutureTask.java:317)
	at java.base/java.util.concurrent.ThreadPoolExecutor.runWorker(ThreadPoolExecutor.java:1144)
	at java.base/java.util.concurrent.ThreadPoolExecutor$Worker.run(ThreadPoolExecutor.java:642)
	at java.base/java.lang.Thread.run(Thread.java:1623)
Caused by: java.lang.InterruptedException: null
	... 13 common frames omitted
18:27:14.889 [pool-26-thread-1] ERROR r.m.l.rpks.impl.ServiceFiltering - null
18:27:14.889 [pool-26-thread-1] ERROR r.m.l.rpks.impl.ServiceFiltering - [java.base/java.util.concurrent.locks.AbstractQueuedSynchronizer$ConditionObject.awaitNanos(AbstractQueuedSynchronizer.java:1744), java.base/java.util.concurrent.ThreadPoolExecutor.awaitTermination(ThreadPoolExecutor.java:1475), java.base/java.util.concurrent.Executors$DelegatedExecutorService.awaitTermination(Executors.java:781), ru.mai.lessons.rpks.impl.ServiceFiltering.start(ServiceFiltering.java:34), ru.mai.lessons.rpks.ServiceTest.lambda$testStartService$49(ServiceTest.java:1332), java.base/java.util.concurrent.FutureTask.run(FutureTask.java:317), java.base/java.util.concurrent.ThreadPoolExecutor.runWorker(ThreadPoolExecutor.java:1144), java.base/java.util.concurrent.ThreadPoolExecutor$Worker.run(ThreadPoolExecutor.java:642), java.base/java.lang.Thread.run(Thread.java:1623)]
18:27:21.983 [Test worker] INFO  ru.mai.lessons.rpks.ServiceTest - Topics: [(name=test_topic_in, numPartitions=3, replicationFactor=1, replicasAssignments=null, configs=null), (name=test_topic_out, numPartitions=3, replicationFactor=1, replicasAssignments=null, configs=null)], replica factor 1, partitions 3
18:27:21.995 [Test worker] INFO  ru.mai.lessons.rpks.ServiceTest - Topic not exist. Create topics [(name=test_topic_in, numPartitions=3, replicationFactor=1, replicasAssignments=null, configs=null), (name=test_topic_out, numPartitions=3, replicationFactor=1, replicasAssignments=null, configs=null)]
18:27:22.208 [Test worker] INFO  ru.mai.lessons.rpks.ServiceTest - Create filtering rule 1
18:27:22.217 [Test worker] INFO  ru.mai.lessons.rpks.ServiceTest - Check rule from DB
18:27:22.219 [Test worker] INFO  ru.mai.lessons.rpks.ServiceTest - Create filtering rule 1
18:27:22.248 [Test worker] INFO  ru.mai.lessons.rpks.ServiceTest - Check rule from DB
18:27:22.412 [pool-28-thread-1] INFO  r.m.l.rpks.impl.MessageFiltering - equals alex name
18:27:22.412 [pool-28-thread-1] INFO  r.m.l.rpks.impl.MessageFiltering - not_equals 18 age
18:27:22.412 [pool-28-thread-1] INFO  r.m.l.rpks.impl.MessageFiltering - equals alex name
18:27:22.413 [pool-28-thread-1] INFO  r.m.l.rpks.impl.MessageFiltering - equals alex name
18:27:22.413 [pool-28-thread-1] ERROR r.m.l.rpks.impl.MessageFiltering - Exception while reading json message:
com.fasterxml.jackson.core.JsonParseException: Unexpected character (',' (code 44)) in numeric value: expected digit (0-9) to follow minus sign, for valid numeric value
 at [Source: (String)"{"name":"", "age":-, "sex":"M"}"; line: 1, column: 21]
	at com.fasterxml.jackson.core.JsonParser._constructError(JsonParser.java:2477)
	at com.fasterxml.jackson.core.base.ParserMinimalBase._reportError(ParserMinimalBase.java:750)
	at com.fasterxml.jackson.core.base.ParserMinimalBase._reportUnexpectedNumberChar(ParserMinimalBase.java:566)
	at com.fasterxml.jackson.core.json.ReaderBasedJsonParser._handleInvalidNumberStart(ReaderBasedJsonParser.java:1792)
	at com.fasterxml.jackson.core.json.ReaderBasedJsonParser._parseSignedNumber(ReaderBasedJsonParser.java:1516)
	at com.fasterxml.jackson.core.json.ReaderBasedJsonParser.nextFieldName(ReaderBasedJsonParser.java:986)
	at com.fasterxml.jackson.databind.deser.std.BaseNodeDeserializer._deserializeContainerNoRecursion(JsonNodeDeserializer.java:539)
	at com.fasterxml.jackson.databind.deser.std.JsonNodeDeserializer.deserialize(JsonNodeDeserializer.java:100)
	at com.fasterxml.jackson.databind.deser.std.JsonNodeDeserializer.deserialize(JsonNodeDeserializer.java:25)
	at com.fasterxml.jackson.databind.deser.DefaultDeserializationContext.readRootValue(DefaultDeserializationContext.java:323)
	at com.fasterxml.jackson.databind.ObjectMapper._readTreeAndClose(ObjectMapper.java:4867)
	at com.fasterxml.jackson.databind.ObjectMapper.readTree(ObjectMapper.java:3219)
	at ru.mai.lessons.rpks.impl.MessageFiltering.processing(MessageFiltering.java:27)
	at ru.mai.lessons.rpks.impl.KafkaReaderImpl.processing(KafkaReaderImpl.java:55)
	at ru.mai.lessons.rpks.impl.ServiceFiltering.start(ServiceFiltering.java:28)
	at ru.mai.lessons.rpks.ServiceTest.lambda$testStartService$49(ServiceTest.java:1332)
	at java.base/java.util.concurrent.FutureTask.run(FutureTask.java:317)
	at java.base/java.util.concurrent.ThreadPoolExecutor.runWorker(ThreadPoolExecutor.java:1144)
	at java.base/java.util.concurrent.ThreadPoolExecutor$Worker.run(ThreadPoolExecutor.java:642)
	at java.base/java.lang.Thread.run(Thread.java:1623)
18:27:22.413 [pool-28-thread-1] INFO  r.m.l.rpks.impl.MessageFiltering - equals alex name
18:27:22.413 [pool-28-thread-1] INFO  r.m.l.rpks.impl.MessageFiltering - equals alex name
18:27:22.413 [pool-28-thread-1] INFO  r.m.l.rpks.impl.MessageFiltering - equals alex name
18:27:22.413 [pool-28-thread-1] INFO  r.m.l.rpks.impl.MessageFiltering - not_equals 18 age
18:27:22.423 [pool-28-thread-2] INFO  ru.mai.lessons.rpks.ServiceTest - Remaining attempts 10
18:27:23.434 [pool-28-thread-2] INFO  ru.mai.lessons.rpks.ServiceTest - Read messages 1
18:27:23.434 [pool-28-thread-1] ERROR r.m.l.rpks.impl.ServiceFiltering - java.lang.InterruptedException
org.apache.kafka.common.errors.InterruptException: java.lang.InterruptedException
	at org.apache.kafka.clients.consumer.internals.ConsumerNetworkClient.maybeThrowInterruptException(ConsumerNetworkClient.java:535)
	at org.apache.kafka.clients.consumer.internals.ConsumerNetworkClient.poll(ConsumerNetworkClient.java:296)
	at org.apache.kafka.clients.consumer.internals.ConsumerNetworkClient.poll(ConsumerNetworkClient.java:251)
	at org.apache.kafka.clients.consumer.KafkaConsumer.pollForFetches(KafkaConsumer.java:1307)
	at org.apache.kafka.clients.consumer.KafkaConsumer.poll(KafkaConsumer.java:1243)
	at org.apache.kafka.clients.consumer.KafkaConsumer.poll(KafkaConsumer.java:1216)
	at ru.mai.lessons.rpks.impl.KafkaReaderImpl.processing(KafkaReaderImpl.java:53)
	at ru.mai.lessons.rpks.impl.ServiceFiltering.start(ServiceFiltering.java:28)
	at ru.mai.lessons.rpks.ServiceTest.lambda$testStartService$49(ServiceTest.java:1332)
	at java.base/java.util.concurrent.FutureTask.run(FutureTask.java:317)
	at java.base/java.util.concurrent.ThreadPoolExecutor.runWorker(ThreadPoolExecutor.java:1144)
	at java.base/java.util.concurrent.ThreadPoolExecutor$Worker.run(ThreadPoolExecutor.java:642)
	at java.base/java.lang.Thread.run(Thread.java:1623)
Caused by: java.lang.InterruptedException: null
	... 13 common frames omitted
18:27:30.571 [Test worker] INFO  ru.mai.lessons.rpks.ServiceTest - Topics: [(name=test_topic_in, numPartitions=3, replicationFactor=1, replicasAssignments=null, configs=null), (name=test_topic_out, numPartitions=3, replicationFactor=1, replicasAssignments=null, configs=null)], replica factor 1, partitions 3
18:27:30.582 [Test worker] INFO  ru.mai.lessons.rpks.ServiceTest - Topic not exist. Create topics [(name=test_topic_in, numPartitions=3, replicationFactor=1, replicasAssignments=null, configs=null), (name=test_topic_out, numPartitions=3, replicationFactor=1, replicasAssignments=null, configs=null)]
18:27:30.799 [Test worker] INFO  ru.mai.lessons.rpks.ServiceTest - Create filtering rule 1
18:27:30.809 [Test worker] INFO  ru.mai.lessons.rpks.ServiceTest - Check rule from DB
18:27:30.811 [Test worker] INFO  ru.mai.lessons.rpks.ServiceTest - Create filtering rule 1
18:27:30.827 [Test worker] INFO  ru.mai.lessons.rpks.ServiceTest - Check rule from DB
18:27:31.020 [pool-30-thread-2] INFO  ru.mai.lessons.rpks.ServiceTest - Remaining attempts 10
18:27:31.030 [pool-30-thread-1] INFO  r.m.l.rpks.impl.MessageFiltering - contains alexander name
18:27:31.030 [pool-30-thread-1] INFO  r.m.l.rpks.impl.MessageFiltering - contains pushkin name
18:27:31.030 [pool-30-thread-1] INFO  r.m.l.rpks.impl.MessageFiltering - contains alexander name
18:27:31.030 [pool-30-thread-1] INFO  r.m.l.rpks.impl.MessageFiltering - contains alexander name
18:27:31.030 [pool-30-thread-1] INFO  r.m.l.rpks.impl.MessageFiltering - contains alexander name
18:27:31.030 [pool-30-thread-1] INFO  r.m.l.rpks.impl.MessageFiltering - contains alexander name
18:27:31.030 [pool-30-thread-1] INFO  r.m.l.rpks.impl.MessageFiltering - contains alexander name
18:27:31.030 [pool-30-thread-1] INFO  r.m.l.rpks.impl.MessageFiltering - contains pushkin name
18:27:32.028 [pool-30-thread-2] INFO  ru.mai.lessons.rpks.ServiceTest - Read messages 1
18:27:32.028 [pool-30-thread-1] ERROR r.m.l.rpks.impl.ServiceFiltering - java.lang.InterruptedException
org.apache.kafka.common.errors.InterruptException: java.lang.InterruptedException
	at org.apache.kafka.clients.consumer.internals.ConsumerNetworkClient.maybeThrowInterruptException(ConsumerNetworkClient.java:535)
	at org.apache.kafka.clients.consumer.internals.ConsumerNetworkClient.poll(ConsumerNetworkClient.java:296)
	at org.apache.kafka.clients.consumer.internals.ConsumerNetworkClient.poll(ConsumerNetworkClient.java:251)
	at org.apache.kafka.clients.consumer.KafkaConsumer.pollForFetches(KafkaConsumer.java:1307)
	at org.apache.kafka.clients.consumer.KafkaConsumer.poll(KafkaConsumer.java:1243)
	at org.apache.kafka.clients.consumer.KafkaConsumer.poll(KafkaConsumer.java:1216)
	at ru.mai.lessons.rpks.impl.KafkaReaderImpl.processing(KafkaReaderImpl.java:53)
	at ru.mai.lessons.rpks.impl.ServiceFiltering.start(ServiceFiltering.java:28)
	at ru.mai.lessons.rpks.ServiceTest.lambda$testStartService$49(ServiceTest.java:1332)
	at java.base/java.util.concurrent.FutureTask.run(FutureTask.java:317)
	at java.base/java.util.concurrent.ThreadPoolExecutor.runWorker(ThreadPoolExecutor.java:1144)
	at java.base/java.util.concurrent.ThreadPoolExecutor$Worker.run(ThreadPoolExecutor.java:642)
	at java.base/java.lang.Thread.run(Thread.java:1623)
Caused by: java.lang.InterruptedException: null
	... 13 common frames omitted
]]></system-out>
  <system-err><![CDATA[]]></system-err>
</testsuite>
